[28.12 17:17:37] INFO:		======
[28.12 17:18:25] INFO:		======
[28.12 17:18:35] INFO:		Plugins initialised
[28.12 17:18:35] INFO:		Application initialised
[28.12 17:18:35] INFO:		Initialization time: 0:00:10.748397
[28.12 17:29:15] INFO:		======
[28.12 17:29:29] INFO:		Plugins initialised
[28.12 17:29:33] INFO:		Application initialised
[28.12 17:29:33] INFO:		Initialization time: 0:00:20.649169
[28.12 17:31:22] INFO:		======
[28.12 17:31:24] INFO:		Plugins initialised
[28.12 17:31:24] INFO:		Application initialised
[28.12 17:31:24] INFO:		Initialization time: 0:00:02.720842
[28.12 17:32:32] INFO:		======
[28.12 17:32:58] INFO:		======
[28.12 17:33:09] INFO:		======
[28.12 17:33:24] INFO:		======
[28.12 17:33:26] INFO:		Plugins initialised
[28.12 17:33:26] INFO:		Application initialised
[28.12 17:33:26] INFO:		Initialization time: 0:00:02.447388
[28.12 17:34:01] INFO:		======
[28.12 17:34:10] INFO:		Plugins initialised
[28.12 17:34:10] INFO:		Application initialised
[28.12 17:34:10] INFO:		Initialization time: 0:00:12.398999
[28.12 17:34:23] ERROR:		[Errno 17] Файл существует: '/home/alexey.a.nabrodov/Dropbox/bin/Demesne/Apps/Ravenor/organizer/'
[28.12 17:36:59] INFO:		======
[28.12 17:37:01] INFO:		Plugins initialised
[28.12 17:37:01] INFO:		Application initialised
[28.12 17:37:01] INFO:		Initialization time: 0:00:02.168182
[28.12 17:49:30] INFO:		======
[28.12 17:49:34] INFO:		Plugins initialised
[28.12 17:49:34] INFO:		Application initialised
[28.12 17:49:34] INFO:		Initialization time: 0:00:05.258347
[29.12 15:59:04] INFO:		======
[29.12 15:59:55] INFO:		Plugins initialised
[29.12 15:59:56] INFO:		Application initialised
[29.12 15:59:57] INFO:		Initialization time: 0:00:54.616897
