[28.12 16:10:31] INFO:		======
[28.12 16:10:32] INFO:		Plugins initialised
[28.12 16:10:32] INFO:		Application initialised
[28.12 16:10:32] INFO:		Initialization time: 0:00:00.459800
[28.12 16:10:33] INFO:		Test script file
[28.12 16:10:33] ERROR:		Test script file
[28.12 16:10:33] DEBUG:		Test script file
[28.12 16:11:29] INFO:		======
[28.12 16:11:29] INFO:		Plugins initialised
[28.12 16:11:29] INFO:		Application initialised
[28.12 16:11:29] INFO:		Initialization time: 0:00:00.453538
[28.12 16:37:12] INFO:		======
[28.12 16:37:16] INFO:		Plugins initialised
[28.12 16:37:16] INFO:		Application initialised
[28.12 16:37:16] INFO:		Initialization time: 0:00:04.951826
[28.12 16:42:44] INFO:		======
[28.12 16:42:47] INFO:		Plugins initialised
[28.12 16:42:47] INFO:		Application initialised
[28.12 16:42:47] INFO:		Initialization time: 0:00:04.394216
[28.12 16:43:54] INFO:		======
[28.12 16:43:55] INFO:		Plugins initialised
[28.12 16:43:55] INFO:		Application initialised
[28.12 16:43:56] INFO:		Initialization time: 0:00:02.332141
[28.12 16:45:02] INFO:		======
[28.12 16:45:05] INFO:		Plugins initialised
[28.12 16:45:06] INFO:		Application initialised
[28.12 16:45:06] INFO:		Initialization time: 0:00:05.083006
[28.12 16:45:32] INFO:		======
[28.12 16:45:32] INFO:		Plugins initialised
[28.12 16:45:32] INFO:		Application initialised
[28.12 16:45:32] INFO:		Initialization time: 0:00:00.466813
[28.12 16:45:42] INFO:		======
[28.12 16:45:42] INFO:		Plugins initialised
[28.12 16:45:42] INFO:		Application initialised
[28.12 16:45:42] INFO:		Initialization time: 0:00:00.624174
[28.12 16:45:55] INFO:		======
[28.12 16:45:56] INFO:		Plugins initialised
[28.12 16:45:56] INFO:		Application initialised
[28.12 16:45:56] INFO:		Initialization time: 0:00:00.776671
[28.12 16:46:10] INFO:		======
[28.12 16:46:10] INFO:		Plugins initialised
[28.12 16:46:10] INFO:		Application initialised
[28.12 16:46:10] INFO:		Initialization time: 0:00:00.651451
[28.12 16:46:22] INFO:		======
[28.12 16:46:23] INFO:		Plugins initialised
[28.12 16:46:23] INFO:		Application initialised
[28.12 16:46:23] INFO:		Initialization time: 0:00:00.459944
[28.12 16:46:34] INFO:		======
[28.12 16:46:34] INFO:		Plugins initialised
[28.12 16:46:34] INFO:		Application initialised
[28.12 16:46:34] INFO:		Initialization time: 0:00:00.454370
[28.12 16:47:07] INFO:		======
[28.12 16:47:08] INFO:		Plugins initialised
[28.12 16:47:08] INFO:		Application initialised
[28.12 16:47:08] INFO:		Initialization time: 0:00:00.441015
[28.12 16:50:54] INFO:		======
[28.12 16:50:59] INFO:		Plugins initialised
[28.12 16:51:00] INFO:		Application initialised
[28.12 16:51:01] INFO:		Initialization time: 0:00:09.147378
[28.12 16:51:33] INFO:		======
[28.12 16:51:33] INFO:		Plugins initialised
[28.12 16:51:33] INFO:		Application initialised
[28.12 16:51:33] INFO:		Initialization time: 0:00:00.751592
[28.12 16:52:04] INFO:		======
[28.12 16:52:04] INFO:		Plugins initialised
[28.12 16:52:04] INFO:		Application initialised
[28.12 16:52:04] INFO:		Initialization time: 0:00:00.529095
[28.12 16:52:26] INFO:		======
[28.12 16:52:26] INFO:		Plugins initialised
[28.12 16:52:26] INFO:		Application initialised
[28.12 16:52:26] INFO:		Initialization time: 0:00:00.563052
[28.12 16:52:52] INFO:		======
[28.12 16:52:53] INFO:		Plugins initialised
[28.12 16:52:53] INFO:		Application initialised
[28.12 16:52:53] INFO:		Initialization time: 0:00:00.525144
[28.12 16:53:11] INFO:		======
[28.12 16:53:11] INFO:		Plugins initialised
[28.12 16:53:11] INFO:		Application initialised
[28.12 16:53:12] INFO:		Initialization time: 0:00:00.595872
[28.12 16:53:24] INFO:		======
[28.12 16:53:25] INFO:		Plugins initialised
[28.12 16:53:25] INFO:		Application initialised
[28.12 16:53:25] INFO:		Initialization time: 0:00:00.702730
[28.12 16:53:34] INFO:		======
[28.12 16:53:34] INFO:		Plugins initialised
[28.12 16:53:34] INFO:		Application initialised
[28.12 16:53:34] INFO:		Initialization time: 0:00:00.497148
[28.12 16:56:24] INFO:		======
[28.12 16:56:30] INFO:		Plugins initialised
[28.12 16:56:30] INFO:		Application initialised
[28.12 16:56:31] INFO:		Initialization time: 0:00:09.182769
[28.12 16:57:09] INFO:		======
[28.12 16:57:11] INFO:		Plugins initialised
[28.12 16:57:11] INFO:		Application initialised
[28.12 16:57:11] INFO:		Initialization time: 0:00:02.702336
[28.12 16:57:20] INFO:		======
[28.12 16:57:21] INFO:		Plugins initialised
[28.12 16:57:21] INFO:		Application initialised
[28.12 16:57:21] INFO:		Initialization time: 0:00:01.802012
[28.12 16:57:31] INFO:		======
[28.12 16:57:31] INFO:		Plugins initialised
[28.12 16:57:31] INFO:		Application initialised
[28.12 16:57:31] INFO:		Initialization time: 0:00:00.479765
[28.12 16:57:59] INFO:		======
[28.12 16:57:59] INFO:		Plugins initialised
[28.12 16:57:59] INFO:		Application initialised
[28.12 16:57:59] INFO:		Initialization time: 0:00:00.638626
[28.12 16:58:43] INFO:		======
[28.12 16:58:43] INFO:		Plugins initialised
[28.12 16:58:43] INFO:		Application initialised
[28.12 16:58:43] INFO:		Initialization time: 0:00:00.719258
[28.12 16:59:02] INFO:		======
[28.12 16:59:02] INFO:		Plugins initialised
[28.12 16:59:02] INFO:		Application initialised
[28.12 16:59:02] INFO:		Initialization time: 0:00:00.453878
[28.12 17:03:31] INFO:		======
[28.12 17:03:37] INFO:		Plugins initialised
[28.12 17:03:40] INFO:		Application initialised
[28.12 17:03:40] INFO:		Initialization time: 0:00:09.061154
[28.12 17:09:45] INFO:		======
[28.12 17:09:49] INFO:		Plugins initialised
[28.12 17:09:50] INFO:		Application initialised
[28.12 17:09:50] INFO:		Initialization time: 0:00:07.130376
[28.12 17:10:09] INFO:		======
[28.12 17:10:09] INFO:		Plugins initialised
[28.12 17:10:09] INFO:		Application initialised
[28.12 17:10:09] INFO:		Initialization time: 0:00:01.033769
[28.12 17:10:38] INFO:		======
[28.12 17:10:38] INFO:		Plugins initialised
[28.12 17:10:38] INFO:		Application initialised
[28.12 17:10:39] INFO:		Initialization time: 0:00:00.653385
[28.12 17:11:12] INFO:		======
[28.12 17:11:13] INFO:		Plugins initialised
[28.12 17:11:13] INFO:		Application initialised
[28.12 17:11:13] INFO:		Initialization time: 0:00:00.510927
[28.12 17:13:48] INFO:		======
[28.12 17:13:48] INFO:		Plugins initialised
[28.12 17:13:49] INFO:		Application initialised
[28.12 17:13:49] INFO:		Initialization time: 0:00:00.999215
[28.12 17:14:01] INFO:		======
[28.12 17:14:02] INFO:		Plugins initialised
[28.12 17:14:02] INFO:		Application initialised
[28.12 17:14:02] INFO:		Initialization time: 0:00:00.704392
[28.12 17:52:15] INFO:		======
[28.12 17:52:16] INFO:		Plugins initialised
[28.12 17:52:42] INFO:		======
[28.12 17:52:42] INFO:		Plugins initialised
[28.12 17:52:58] INFO:		======
[28.12 17:52:58] INFO:		Plugins initialised
[28.12 17:52:58] INFO:		Application initialised
[28.12 17:52:58] INFO:		Initialization time: 0:00:00.533785
[29.12 13:16:25] INFO:		======
[29.12 13:16:34] INFO:		Plugins initialised
[29.12 13:16:35] INFO:		Application initialised
[29.12 13:16:35] INFO:		Initialization time: 0:00:10.872392
