[03.01 15:19:09] INFO:		======
[03.01 15:20:10] INFO:		======
[03.01 15:20:50] INFO:		======
[03.01 15:21:15] INFO:		======
[03.01 15:21:15] INFO:		Plugins initialised
[03.01 15:21:15] INFO:		Application initialised
[03.01 15:21:15] INFO:		Initialization time: 0:00:00.349000
[03.01 15:21:43] INFO:		======
[03.01 15:21:44] INFO:		Plugins initialised
[03.01 15:21:44] INFO:		Application initialised
[03.01 15:21:59] INFO:		======
[03.01 15:21:59] INFO:		Plugins initialised
[03.01 15:21:59] INFO:		Application initialised
[03.01 15:21:59] INFO:		Initialization time: 0:00:00.365000
[22.01 17:44:16] INFO:		======
[22.01 17:44:17] INFO:		Plugins initialised
[22.01 17:44:17] INFO:		Application initialised
[22.01 17:44:17] INFO:		Initialization time: 0:00:04.008000
[25.01 14:08:17] INFO:		======
[25.01 14:08:27] INFO:		Plugins initialised
[25.01 14:08:28] INFO:		Application initialised
[25.01 14:08:28] INFO:		Initialization time: 0:00:15.506520
[25.01 14:09:36] INFO:		======
[25.01 14:10:00] INFO:		======
[25.01 14:10:24] INFO:		======
[25.01 14:10:29] INFO:		======
[25.01 14:10:31] INFO:		Plugins initialised
[25.01 14:10:31] INFO:		Application initialised
[25.01 14:10:31] INFO:		Initialization time: 0:00:02.846450
[25.01 14:11:47] INFO:		======
[25.01 14:11:47] INFO:		Plugins initialised
[25.01 14:11:47] INFO:		Application initialised
[25.01 14:11:47] INFO:		Initialization time: 0:00:00.520261
[25.01 14:11:59] INFO:		======
[25.01 14:12:00] INFO:		Plugins initialised
[25.01 14:12:00] INFO:		Application initialised
[25.01 14:12:00] INFO:		Initialization time: 0:00:00.533063
[25.01 14:13:02] INFO:		======
[25.01 14:13:02] INFO:		Plugins initialised
[25.01 14:13:02] INFO:		Application initialised
[25.01 14:13:02] INFO:		Initialization time: 0:00:00.417146
[25.01 14:13:49] INFO:		======
[25.01 14:13:51] INFO:		Plugins initialised
[25.01 14:13:51] INFO:		Application initialised
[25.01 14:13:51] INFO:		Initialization time: 0:00:01.964319
[25.01 14:14:26] INFO:		======
[25.01 14:14:26] INFO:		Plugins initialised
[25.01 14:14:26] INFO:		Application initialised
[25.01 14:14:26] INFO:		Initialization time: 0:00:00.449598
[25.01 14:14:34] INFO:		======
[25.01 14:14:34] INFO:		Plugins initialised
[25.01 14:14:34] INFO:		Application initialised
[25.01 14:14:34] INFO:		Initialization time: 0:00:00.486122
[25.01 14:16:31] INFO:		======
[25.01 14:16:33] INFO:		Plugins initialised
[25.01 14:16:33] INFO:		Application initialised
[25.01 14:16:33] INFO:		Initialization time: 0:00:02.554070
[25.01 14:16:51] INFO:		======
[25.01 14:16:52] INFO:		Plugins initialised
[25.01 14:16:52] INFO:		Application initialised
[25.01 14:16:52] INFO:		Initialization time: 0:00:00.785414
[25.01 14:17:26] INFO:		======
[25.01 14:17:26] INFO:		Plugins initialised
[25.01 14:17:27] INFO:		Application initialised
[25.01 14:17:27] INFO:		Initialization time: 0:00:00.652331
[25.01 14:17:48] INFO:		======
[25.01 14:17:49] INFO:		Plugins initialised
[25.01 14:17:49] INFO:		Application initialised
[25.01 14:17:49] INFO:		Initialization time: 0:00:00.610434
[25.01 14:18:56] INFO:		======
[25.01 14:18:56] INFO:		Plugins initialised
[25.01 14:18:56] INFO:		Application initialised
[25.01 14:18:56] INFO:		Initialization time: 0:00:00.989623
[25.01 14:20:41] INFO:		======
[25.01 14:20:42] INFO:		Plugins initialised
[25.01 14:20:42] INFO:		Application initialised
[25.01 14:20:43] INFO:		Initialization time: 0:00:02.825186
[25.01 14:21:05] INFO:		======
[25.01 14:21:05] INFO:		Plugins initialised
[25.01 14:21:05] INFO:		Application initialised
[25.01 14:21:05] INFO:		Initialization time: 0:00:00.476733
[25.01 14:21:38] INFO:		======
[25.01 14:21:38] INFO:		Plugins initialised
[25.01 14:21:38] INFO:		Application initialised
[25.01 14:21:38] INFO:		Initialization time: 0:00:00.594878
[25.01 14:21:42] INFO:		======
[25.01 14:21:42] INFO:		Plugins initialised
[25.01 14:21:42] INFO:		Application initialised
[25.01 14:21:42] INFO:		Initialization time: 0:00:00.756059
[25.01 14:24:05] INFO:		======
[25.01 14:24:14] INFO:		======
[25.01 14:24:15] INFO:		Plugins initialised
[25.01 14:24:15] INFO:		Application initialised
[25.01 14:24:15] INFO:		Initialization time: 0:00:00.686962
[25.01 14:24:22] INFO:		======
[25.01 14:24:23] INFO:		Plugins initialised
[25.01 14:24:23] INFO:		Application initialised
[25.01 14:24:23] INFO:		Initialization time: 0:00:00.976167
[25.01 14:24:34] INFO:		======
[25.01 14:24:35] INFO:		Plugins initialised
[25.01 14:24:35] INFO:		Application initialised
[25.01 14:24:35] INFO:		Initialization time: 0:00:01.132360
[25.01 14:24:45] INFO:		======
[25.01 14:24:45] INFO:		Plugins initialised
[25.01 14:24:45] INFO:		Application initialised
[25.01 14:24:45] INFO:		Initialization time: 0:00:00.418231
[25.01 14:25:38] INFO:		======
[25.01 14:25:38] INFO:		Plugins initialised
[25.01 14:25:38] INFO:		Application initialised
[25.01 14:25:38] INFO:		Initialization time: 0:00:01.072877
[25.01 14:29:26] INFO:		======
[25.01 14:29:29] INFO:		Plugins initialised
[25.01 14:29:30] INFO:		Application initialised
[25.01 14:29:30] INFO:		Initialization time: 0:00:05.398999
[25.01 14:29:47] INFO:		======
[25.01 14:29:48] INFO:		Plugins initialised
[25.01 14:29:48] INFO:		Application initialised
[25.01 14:29:48] INFO:		Initialization time: 0:00:01.070898
[25.01 14:30:07] INFO:		======
[25.01 14:30:08] INFO:		Plugins initialised
[25.01 14:30:08] INFO:		Application initialised
[25.01 14:30:08] INFO:		Initialization time: 0:00:02.383087
[25.01 14:30:21] INFO:		======
[25.01 14:30:23] INFO:		Plugins initialised
[25.01 14:30:23] INFO:		Application initialised
[25.01 14:30:23] INFO:		Initialization time: 0:00:03.970118
[25.01 14:30:34] INFO:		======
[25.01 14:30:34] INFO:		Plugins initialised
[25.01 14:30:35] INFO:		Application initialised
[25.01 14:30:35] INFO:		Initialization time: 0:00:01.453927
[25.01 14:30:44] INFO:		======
[25.01 14:30:44] INFO:		Plugins initialised
[25.01 14:30:44] INFO:		Application initialised
[25.01 14:30:44] INFO:		Initialization time: 0:00:00.644243
[25.01 14:31:04] INFO:		======
[25.01 14:31:08] INFO:		======
[25.01 14:31:09] INFO:		Plugins initialised
[25.01 14:31:09] INFO:		Application initialised
[25.01 14:31:09] INFO:		Initialization time: 0:00:00.550307
[25.01 14:32:47] INFO:		======
[25.01 14:32:48] INFO:		Plugins initialised
[25.01 14:32:48] INFO:		Application initialised
[25.01 14:32:48] INFO:		Initialization time: 0:00:02.164592
[25.01 16:14:47] INFO:		======
[25.01 16:14:50] INFO:		Plugins initialised
[25.01 16:14:51] INFO:		Application initialised
[25.01 16:14:51] INFO:		Initialization time: 0:00:04.916202
[25.01 16:15:19] INFO:		======
[25.01 16:15:20] INFO:		Plugins initialised
[25.01 16:15:20] INFO:		Application initialised
[25.01 16:15:20] INFO:		Initialization time: 0:00:01.944283
[25.01 16:17:00] INFO:		======
[25.01 16:17:01] INFO:		Plugins initialised
[25.01 16:17:01] INFO:		Application initialised
[25.01 16:17:01] INFO:		Initialization time: 0:00:00.824032
[25.01 16:17:26] INFO:		======
[25.01 16:17:26] INFO:		Plugins initialised
[25.01 16:17:26] INFO:		Application initialised
[25.01 16:17:26] INFO:		Initialization time: 0:00:00.353260
[25.01 16:22:47] INFO:		======
[25.01 16:22:49] INFO:		Plugins initialised
[25.01 16:22:49] INFO:		Application initialised
[25.01 16:22:49] INFO:		Initialization time: 0:00:03.398789
[25.01 16:23:55] INFO:		======
[25.01 16:23:55] INFO:		Plugins initialised
[25.01 16:23:56] INFO:		Application initialised
[25.01 16:23:56] INFO:		Initialization time: 0:00:01.462442
[25.01 16:35:09] INFO:		======
[25.01 16:35:19] INFO:		Plugins initialised
[25.01 16:35:21] INFO:		Application initialised
[25.01 16:35:21] INFO:		Initialization time: 0:00:19.653116
[25.01 16:35:35] INFO:		======
[25.01 16:35:35] INFO:		Plugins initialised
[25.01 16:35:35] INFO:		Application initialised
[25.01 16:35:36] INFO:		Initialization time: 0:00:00.650867
[25.01 16:36:05] INFO:		======
[25.01 16:36:05] INFO:		Plugins initialised
[25.01 16:36:05] INFO:		Application initialised
[25.01 16:36:05] INFO:		Initialization time: 0:00:00.483797
[25.01 16:36:16] INFO:		======
[25.01 16:36:16] INFO:		Plugins initialised
[25.01 16:36:16] INFO:		Application initialised
[25.01 16:36:16] INFO:		Initialization time: 0:00:00.543059
[25.01 16:36:42] INFO:		======
[25.01 16:36:43] INFO:		Plugins initialised
[25.01 16:36:43] INFO:		Application initialised
[25.01 16:36:43] INFO:		Initialization time: 0:00:00.528356
[25.01 16:36:52] INFO:		======
[25.01 16:36:52] INFO:		Plugins initialised
[25.01 16:36:52] INFO:		Application initialised
[25.01 16:36:52] INFO:		Initialization time: 0:00:00.538988
[25.01 16:38:57] INFO:		======
[25.01 16:38:58] INFO:		Plugins initialised
[25.01 16:38:58] INFO:		Application initialised
[25.01 16:38:58] INFO:		Initialization time: 0:00:01.626024
[25.01 16:40:22] INFO:		======
[25.01 16:40:23] INFO:		Plugins initialised
[25.01 16:40:23] INFO:		Application initialised
[25.01 16:40:23] INFO:		Initialization time: 0:00:01.208546
[25.01 16:40:33] INFO:		======
[25.01 16:40:33] INFO:		Plugins initialised
[25.01 16:40:33] INFO:		Application initialised
[25.01 16:40:33] INFO:		Initialization time: 0:00:00.483209
[25.01 16:40:53] INFO:		======
[25.01 16:40:53] INFO:		Plugins initialised
[25.01 16:40:53] INFO:		Application initialised
[25.01 16:40:53] INFO:		Initialization time: 0:00:00.640864
[25.01 16:52:39] INFO:		======
[25.01 16:52:40] INFO:		Plugins initialised
[25.01 16:52:40] INFO:		Application initialised
[25.01 16:52:40] INFO:		Initialization time: 0:00:02.079418
[25.01 16:54:05] INFO:		======
[25.01 16:54:06] INFO:		Plugins initialised
[25.01 16:54:06] INFO:		Application initialised
[25.01 16:54:06] INFO:		Initialization time: 0:00:00.484931
[25.01 16:58:17] INFO:		======
[25.01 16:58:17] INFO:		Plugins initialised
[25.01 16:58:18] INFO:		Application initialised
[25.01 16:58:18] INFO:		Initialization time: 0:00:00.549660
[25.01 16:58:40] INFO:		======
[25.01 16:58:40] INFO:		Plugins initialised
[25.01 16:58:40] INFO:		Application initialised
[25.01 16:58:40] INFO:		Initialization time: 0:00:00.361108
[25.01 16:59:06] INFO:		======
[25.01 16:59:06] INFO:		Plugins initialised
[25.01 16:59:06] INFO:		Application initialised
[25.01 16:59:06] INFO:		Initialization time: 0:00:00.468190
[25.01 16:59:56] INFO:		======
[25.01 16:59:57] INFO:		Plugins initialised
[25.01 16:59:57] INFO:		Application initialised
[25.01 16:59:57] INFO:		Initialization time: 0:00:00.362323
[25.01 17:01:26] INFO:		======
[25.01 17:01:26] INFO:		Plugins initialised
[25.01 17:01:26] INFO:		Application initialised
[25.01 17:01:26] INFO:		Initialization time: 0:00:00.381259
[25.01 17:03:31] INFO:		======
[25.01 17:03:31] INFO:		Plugins initialised
[25.01 17:03:31] INFO:		Application initialised
[25.01 17:03:31] INFO:		Initialization time: 0:00:00.365889
[25.01 17:03:50] INFO:		======
[25.01 17:03:50] INFO:		Plugins initialised
[25.01 17:03:50] INFO:		Application initialised
[25.01 17:03:50] INFO:		Initialization time: 0:00:00.390151
[25.01 17:04:00] INFO:		======
[25.01 17:04:00] INFO:		Plugins initialised
[25.01 17:04:00] INFO:		Application initialised
[25.01 17:04:00] INFO:		Initialization time: 0:00:00.379962
[25.01 17:04:08] INFO:		======
[25.01 17:04:09] INFO:		Plugins initialised
[25.01 17:04:09] INFO:		Application initialised
[25.01 17:04:09] INFO:		Initialization time: 0:00:00.348133
[25.01 17:04:17] INFO:		======
[25.01 17:04:17] INFO:		Plugins initialised
[25.01 17:04:17] INFO:		Application initialised
[25.01 17:04:17] INFO:		Initialization time: 0:00:00.402356
[25.01 17:04:23] INFO:		======
[25.01 17:04:24] INFO:		Plugins initialised
[25.01 17:04:24] INFO:		Application initialised
[25.01 17:04:24] INFO:		Initialization time: 0:00:00.352579
[25.01 17:04:30] INFO:		======
[25.01 17:04:31] INFO:		Plugins initialised
[25.01 17:04:31] INFO:		Application initialised
[25.01 17:04:31] INFO:		Initialization time: 0:00:00.499776
[25.01 17:05:22] INFO:		======
[25.01 17:05:23] INFO:		Plugins initialised
[25.01 17:05:23] INFO:		Application initialised
[25.01 17:05:23] INFO:		Initialization time: 0:00:00.353267
[25.01 17:05:37] INFO:		======
[25.01 17:05:37] INFO:		Plugins initialised
[25.01 17:05:37] INFO:		Application initialised
[25.01 17:05:37] INFO:		Initialization time: 0:00:00.369349
[25.01 17:05:44] INFO:		======
[25.01 17:05:44] INFO:		Plugins initialised
[25.01 17:05:44] INFO:		Application initialised
[25.01 17:05:44] INFO:		Initialization time: 0:00:00.372711
[25.01 17:06:57] INFO:		======
[25.01 17:06:57] INFO:		Plugins initialised
[25.01 17:06:57] INFO:		Application initialised
[25.01 17:06:57] INFO:		Initialization time: 0:00:00.374865
[25.01 17:07:15] INFO:		======
[25.01 17:07:15] INFO:		Plugins initialised
[25.01 17:07:15] INFO:		Application initialised
[25.01 17:07:15] INFO:		Initialization time: 0:00:00.386061
[25.01 17:07:30] INFO:		======
[25.01 17:07:30] INFO:		Plugins initialised
[25.01 17:07:30] INFO:		Application initialised
[25.01 17:07:30] INFO:		Initialization time: 0:00:00.356743
[25.01 17:09:17] INFO:		======
[25.01 17:09:17] INFO:		Plugins initialised
[25.01 17:09:17] INFO:		Application initialised
[25.01 17:09:17] INFO:		Initialization time: 0:00:00.359927
[25.01 17:14:09] INFO:		======
[25.01 17:14:14] INFO:		Plugins initialised
[25.01 17:14:16] INFO:		Application initialised
[25.01 17:14:17] INFO:		Initialization time: 0:00:10.245906
[25.01 17:20:13] INFO:		======
[25.01 17:20:25] INFO:		Plugins initialised
[25.01 17:20:25] INFO:		Application initialised
[25.01 17:20:25] INFO:		Initialization time: 0:00:16.599190
[25.01 17:21:32] INFO:		======
[25.01 17:21:32] INFO:		Plugins initialised
[25.01 17:21:33] INFO:		Application initialised
[25.01 17:21:33] INFO:		Initialization time: 0:00:00.358164
[25.01 17:22:04] INFO:		======
[25.01 17:22:04] INFO:		Plugins initialised
[25.01 17:22:04] INFO:		Application initialised
[25.01 17:22:04] INFO:		Initialization time: 0:00:00.562553
[25.01 17:23:44] INFO:		======
[25.01 17:23:44] INFO:		Plugins initialised
[25.01 17:23:44] INFO:		Application initialised
[25.01 17:23:44] INFO:		Initialization time: 0:00:00.359112
[25.01 17:23:57] INFO:		======
[25.01 17:23:57] INFO:		Plugins initialised
[25.01 17:23:57] INFO:		Application initialised
[25.01 17:23:57] INFO:		Initialization time: 0:00:00.448888
[25.01 17:24:22] INFO:		======
[25.01 17:24:23] INFO:		Plugins initialised
[25.01 17:24:23] INFO:		Application initialised
[25.01 17:24:23] INFO:		Initialization time: 0:00:00.394763
[25.01 17:25:03] INFO:		======
[25.01 17:25:03] INFO:		Plugins initialised
[25.01 17:25:03] INFO:		Application initialised
[25.01 17:25:04] INFO:		Initialization time: 0:00:00.398396
[25.01 17:27:21] INFO:		======
[25.01 17:27:24] INFO:		Plugins initialised
[25.01 17:27:24] INFO:		Application initialised
[25.01 17:27:24] INFO:		Initialization time: 0:00:04.167880
[25.01 17:27:36] INFO:		======
[25.01 17:27:36] INFO:		Plugins initialised
[25.01 17:27:36] INFO:		Application initialised
[25.01 17:27:36] INFO:		Initialization time: 0:00:00.439156
[25.01 17:27:53] INFO:		======
[25.01 17:27:53] INFO:		Plugins initialised
[25.01 17:27:53] INFO:		Application initialised
[25.01 17:27:53] INFO:		Initialization time: 0:00:00.369153
[25.01 17:28:06] INFO:		======
[25.01 17:28:06] INFO:		Plugins initialised
[25.01 17:28:06] INFO:		Application initialised
[25.01 17:28:06] INFO:		Initialization time: 0:00:00.455055
[25.01 17:28:13] INFO:		======
[25.01 17:28:13] INFO:		Plugins initialised
[25.01 17:28:13] INFO:		Application initialised
[25.01 17:28:13] INFO:		Initialization time: 0:00:00.369245
[25.01 17:29:43] INFO:		======
[25.01 17:29:44] INFO:		Plugins initialised
[25.01 17:29:44] INFO:		Application initialised
[25.01 17:29:44] INFO:		Initialization time: 0:00:00.369111
[25.01 17:29:53] INFO:		======
[25.01 17:29:53] INFO:		Plugins initialised
[25.01 17:29:53] INFO:		Application initialised
[25.01 17:29:53] INFO:		Initialization time: 0:00:00.349675
[25.01 17:29:59] INFO:		======
[25.01 17:29:59] INFO:		Plugins initialised
[25.01 17:29:59] INFO:		Application initialised
[25.01 17:29:59] INFO:		Initialization time: 0:00:00.366683
[25.01 17:30:09] INFO:		======
[25.01 17:30:09] INFO:		Plugins initialised
[25.01 17:30:09] INFO:		Application initialised
[25.01 17:30:09] INFO:		Initialization time: 0:00:00.384967
[25.01 17:30:20] INFO:		======
[25.01 17:30:20] INFO:		Plugins initialised
[25.01 17:30:20] INFO:		Application initialised
[25.01 17:30:20] INFO:		Initialization time: 0:00:00.384307
[25.01 17:30:40] INFO:		======
[25.01 17:30:40] INFO:		Plugins initialised
[25.01 17:30:40] INFO:		Application initialised
[25.01 17:30:40] INFO:		Initialization time: 0:00:00.447131
[25.01 17:30:53] INFO:		======
[25.01 17:30:53] INFO:		Plugins initialised
[25.01 17:30:53] INFO:		Application initialised
[25.01 17:30:53] INFO:		Initialization time: 0:00:00.406810
[25.01 17:31:13] INFO:		======
[25.01 17:31:13] INFO:		Plugins initialised
[25.01 17:31:13] INFO:		Application initialised
[25.01 17:31:13] INFO:		Initialization time: 0:00:00.411576
[25.01 17:31:18] INFO:		======
[25.01 17:31:18] INFO:		Plugins initialised
[25.01 17:31:18] INFO:		Application initialised
[25.01 17:31:18] INFO:		Initialization time: 0:00:00.390344
[25.01 17:31:24] INFO:		======
[25.01 17:31:25] INFO:		Plugins initialised
[25.01 17:31:25] INFO:		Application initialised
[25.01 17:31:25] INFO:		Initialization time: 0:00:00.388221
[25.01 17:31:33] INFO:		======
[25.01 17:31:33] INFO:		Plugins initialised
[25.01 17:31:33] INFO:		Application initialised
[25.01 17:31:33] INFO:		Initialization time: 0:00:00.434202
[25.01 17:31:40] INFO:		======
[25.01 17:31:40] INFO:		Plugins initialised
[25.01 17:31:40] INFO:		Application initialised
[25.01 17:31:40] INFO:		Initialization time: 0:00:00.395776
[25.01 17:31:46] INFO:		======
[25.01 17:31:46] INFO:		Plugins initialised
[25.01 17:31:46] INFO:		Application initialised
[25.01 17:31:46] INFO:		Initialization time: 0:00:00.371301
[25.01 17:31:53] INFO:		======
[25.01 17:31:53] INFO:		Plugins initialised
[25.01 17:31:53] INFO:		Application initialised
[25.01 17:31:53] INFO:		Initialization time: 0:00:00.363699
[25.01 17:32:24] INFO:		======
[25.01 17:32:24] INFO:		Plugins initialised
[25.01 17:32:24] INFO:		Application initialised
[25.01 17:32:24] INFO:		Initialization time: 0:00:00.360156
[25.01 17:32:33] INFO:		======
[25.01 17:32:33] INFO:		Plugins initialised
[25.01 17:32:33] INFO:		Application initialised
[25.01 17:32:33] INFO:		Initialization time: 0:00:00.428666
[25.01 17:32:45] INFO:		======
[25.01 17:32:45] INFO:		Plugins initialised
[25.01 17:32:45] INFO:		Application initialised
[25.01 17:32:45] INFO:		Initialization time: 0:00:00.384855
[25.01 17:32:52] INFO:		======
[25.01 17:32:53] INFO:		Plugins initialised
[25.01 17:32:53] INFO:		Application initialised
[25.01 17:32:53] INFO:		Initialization time: 0:00:00.368467
[25.01 17:33:06] INFO:		======
[25.01 17:33:07] INFO:		Plugins initialised
[25.01 17:33:07] INFO:		Application initialised
[25.01 17:33:07] INFO:		Initialization time: 0:00:00.367077
[25.01 17:33:50] INFO:		======
[25.01 17:33:50] INFO:		Plugins initialised
[25.01 17:33:50] INFO:		Application initialised
[25.01 17:33:50] INFO:		Initialization time: 0:00:00.366319
[25.01 17:34:06] INFO:		======
[25.01 17:34:06] INFO:		Plugins initialised
[25.01 17:34:06] INFO:		Application initialised
[25.01 17:34:06] INFO:		Initialization time: 0:00:00.356950
[25.01 17:34:15] INFO:		======
[25.01 17:34:15] INFO:		Plugins initialised
[25.01 17:34:15] INFO:		Application initialised
[25.01 17:34:15] INFO:		Initialization time: 0:00:00.388956
[25.01 17:35:47] INFO:		======
[25.01 17:35:48] INFO:		Plugins initialised
[25.01 17:35:48] INFO:		Application initialised
[25.01 17:35:48] INFO:		Initialization time: 0:00:00.416444
[25.01 17:36:02] INFO:		======
[25.01 17:36:02] INFO:		Plugins initialised
[25.01 17:36:02] INFO:		Application initialised
[25.01 17:36:02] INFO:		Initialization time: 0:00:00.382693
[25.01 17:38:31] INFO:		======
[25.01 17:38:31] INFO:		Plugins initialised
[25.01 17:38:31] INFO:		Application initialised
[25.01 17:38:31] INFO:		Initialization time: 0:00:00.539742
[25.01 17:38:37] INFO:		======
[25.01 17:38:37] INFO:		Plugins initialised
[25.01 17:38:37] INFO:		Application initialised
[25.01 17:38:37] INFO:		Initialization time: 0:00:00.368912
[25.01 17:38:54] INFO:		======
[25.01 17:38:54] INFO:		Plugins initialised
[25.01 17:38:54] INFO:		Application initialised
[25.01 17:38:54] INFO:		Initialization time: 0:00:00.598022
[25.01 17:39:42] INFO:		======
[25.01 17:39:43] INFO:		Plugins initialised
[25.01 17:39:43] INFO:		Application initialised
[25.01 17:39:43] INFO:		Initialization time: 0:00:00.352801
[25.01 17:40:12] INFO:		======
[25.01 17:40:12] INFO:		Plugins initialised
[25.01 17:40:12] INFO:		Application initialised
[25.01 17:40:12] INFO:		Initialization time: 0:00:00.420707
[25.01 17:41:47] INFO:		======
[25.01 17:41:48] INFO:		Plugins initialised
[25.01 17:41:48] INFO:		Application initialised
[25.01 17:41:48] INFO:		Initialization time: 0:00:00.346769
[25.01 17:42:00] INFO:		======
[25.01 17:42:00] INFO:		Plugins initialised
[25.01 17:42:00] INFO:		Application initialised
[25.01 17:42:00] INFO:		Initialization time: 0:00:00.366383
[25.01 17:42:08] INFO:		======
[25.01 17:42:08] INFO:		Plugins initialised
[25.01 17:42:08] INFO:		Application initialised
[25.01 17:42:08] INFO:		Initialization time: 0:00:00.369867
[25.01 17:42:12] INFO:		======
[25.01 17:42:13] INFO:		Plugins initialised
[25.01 17:42:13] INFO:		Application initialised
[25.01 17:42:13] INFO:		Initialization time: 0:00:00.373776
[25.01 17:42:18] INFO:		======
[25.01 17:42:18] INFO:		Plugins initialised
[25.01 17:42:18] INFO:		Application initialised
[25.01 17:42:18] INFO:		Initialization time: 0:00:00.377289
[25.01 17:42:34] INFO:		======
[25.01 17:42:34] INFO:		Plugins initialised
[25.01 17:42:34] INFO:		Application initialised
[25.01 17:42:34] INFO:		Initialization time: 0:00:00.440524
[25.01 17:43:02] INFO:		======
[25.01 17:43:02] INFO:		Plugins initialised
[25.01 17:43:02] INFO:		Application initialised
[25.01 17:43:02] INFO:		Initialization time: 0:00:00.366711
[25.01 17:43:13] INFO:		======
[25.01 17:43:14] INFO:		Plugins initialised
[25.01 17:43:14] INFO:		Application initialised
[25.01 17:43:14] INFO:		Initialization time: 0:00:00.352552
[25.01 21:11:38] INFO:		======
[25.01 21:11:40] INFO:		Plugins initialised
[25.01 21:11:40] INFO:		Application initialised
[25.01 21:11:40] INFO:		Initialization time: 0:00:03.161000
[25.01 21:16:58] INFO:		======
[25.01 21:16:58] INFO:		Plugins initialised
[25.01 21:16:58] INFO:		Application initialised
[25.01 21:16:58] INFO:		Initialization time: 0:00:00.264000
[25.01 21:17:33] INFO:		======
[25.01 21:17:33] INFO:		Plugins initialised
[25.01 21:17:33] INFO:		Application initialised
[25.01 21:17:33] INFO:		Initialization time: 0:00:00.238000
[25.01 21:19:02] INFO:		======
[25.01 21:19:03] INFO:		Plugins initialised
[25.01 21:19:03] INFO:		Application initialised
[25.01 21:19:03] INFO:		Initialization time: 0:00:02.342000
[25.01 21:23:18] INFO:		======
[25.01 21:23:19] INFO:		Plugins initialised
[25.01 21:23:19] INFO:		Application initialised
[25.01 21:23:19] INFO:		Initialization time: 0:00:02.878000
[25.01 21:23:35] INFO:		======
[25.01 21:23:36] INFO:		Plugins initialised
[25.01 21:23:36] INFO:		Application initialised
[25.01 21:23:36] INFO:		Initialization time: 0:00:00.219000
[25.01 21:24:02] INFO:		======
[25.01 21:24:02] INFO:		Plugins initialised
[25.01 21:24:02] INFO:		Application initialised
[25.01 21:24:02] INFO:		Initialization time: 0:00:00.261000
[25.01 21:27:40] INFO:		======
[25.01 21:27:40] INFO:		Plugins initialised
[25.01 21:27:40] INFO:		Application initialised
[25.01 21:27:40] INFO:		Initialization time: 0:00:00.280000
[25.01 21:28:07] INFO:		======
[25.01 21:28:07] INFO:		Plugins initialised
[25.01 21:28:07] INFO:		Application initialised
[25.01 21:28:07] INFO:		Initialization time: 0:00:00.245000
[25.01 21:30:09] INFO:		======
[25.01 21:30:10] INFO:		Plugins initialised
[25.01 21:30:10] INFO:		Application initialised
[25.01 21:30:10] INFO:		Initialization time: 0:00:00.608000
[25.01 21:32:05] INFO:		======
[25.01 21:32:05] INFO:		Plugins initialised
[25.01 21:32:05] INFO:		Application initialised
[25.01 21:32:05] INFO:		Initialization time: 0:00:00.260000
[25.01 21:33:39] INFO:		======
[25.01 21:33:39] INFO:		Plugins initialised
[25.01 21:33:39] INFO:		Application initialised
[25.01 21:33:39] INFO:		Initialization time: 0:00:00.391000
[25.01 21:36:39] INFO:		======
[25.01 21:36:39] INFO:		Plugins initialised
[25.01 21:36:39] INFO:		Application initialised
[25.01 21:36:40] INFO:		Initialization time: 0:00:00.818000
[25.01 21:37:13] INFO:		======
[25.01 21:37:13] INFO:		Plugins initialised
[25.01 21:37:13] INFO:		Application initialised
[25.01 21:37:13] INFO:		Initialization time: 0:00:00.238000
[25.01 21:44:10] INFO:		======
[25.01 21:44:10] INFO:		Plugins initialised
[25.01 21:44:11] INFO:		Application initialised
[25.01 21:44:11] INFO:		Initialization time: 0:00:00.301000
[25.01 21:45:11] INFO:		======
[25.01 21:45:11] INFO:		Plugins initialised
[25.01 21:45:11] INFO:		Application initialised
[25.01 21:45:11] INFO:		Initialization time: 0:00:00.224000
[25.01 21:45:39] INFO:		======
[25.01 21:45:39] INFO:		Plugins initialised
[25.01 21:45:39] INFO:		Application initialised
[25.01 21:45:39] INFO:		Initialization time: 0:00:00.220000
[25.01 21:46:20] INFO:		======
[25.01 21:46:20] INFO:		Plugins initialised
[25.01 21:46:20] INFO:		Application initialised
[25.01 21:46:20] INFO:		Initialization time: 0:00:00.776000
[25.01 21:46:45] INFO:		======
[25.01 21:46:45] INFO:		Plugins initialised
[25.01 21:46:45] INFO:		Application initialised
[25.01 21:46:45] INFO:		Initialization time: 0:00:00.213000
[25.01 21:47:17] INFO:		======
[25.01 21:47:17] INFO:		Plugins initialised
[25.01 21:47:17] INFO:		Application initialised
[25.01 21:47:17] INFO:		Initialization time: 0:00:00.212000
[25.01 21:47:41] INFO:		======
[25.01 21:47:41] INFO:		Plugins initialised
[25.01 21:47:41] INFO:		Application initialised
[25.01 21:47:41] INFO:		Initialization time: 0:00:00.212000
[25.01 21:47:51] INFO:		======
[25.01 21:47:51] INFO:		Plugins initialised
[25.01 21:47:51] INFO:		Application initialised
[25.01 21:47:51] INFO:		Initialization time: 0:00:00.222000
[25.01 21:48:17] INFO:		======
[25.01 21:48:17] INFO:		Plugins initialised
[25.01 21:48:17] INFO:		Application initialised
[25.01 21:48:17] INFO:		Initialization time: 0:00:00.216000
[25.01 21:48:50] INFO:		======
[25.01 21:48:51] INFO:		Plugins initialised
[25.01 21:48:51] INFO:		Application initialised
[25.01 21:48:51] INFO:		Initialization time: 0:00:00.803000
[25.01 21:50:00] INFO:		======
[25.01 21:50:00] INFO:		Plugins initialised
[25.01 21:50:00] INFO:		Application initialised
[25.01 21:50:00] INFO:		Initialization time: 0:00:00.218000
[25.01 21:50:13] INFO:		======
[25.01 21:50:13] INFO:		Plugins initialised
[25.01 21:50:13] INFO:		Application initialised
[25.01 21:50:14] INFO:		Initialization time: 0:00:00.218000
[25.01 21:50:28] INFO:		======
[25.01 21:50:28] INFO:		Plugins initialised
[25.01 21:50:28] INFO:		Application initialised
[25.01 21:50:28] INFO:		Initialization time: 0:00:00.217000
[25.01 21:50:39] INFO:		======
[25.01 21:50:39] INFO:		Plugins initialised
[25.01 21:50:39] INFO:		Application initialised
[25.01 21:50:39] INFO:		Initialization time: 0:00:00.221000
[25.01 21:53:45] INFO:		======
[25.01 21:53:46] INFO:		Plugins initialised
[25.01 21:53:46] INFO:		Application initialised
[25.01 21:53:46] INFO:		Initialization time: 0:00:02.259000
[25.01 21:57:44] INFO:		======
[25.01 21:57:45] INFO:		Plugins initialised
[25.01 21:57:45] INFO:		Application initialised
[25.01 21:57:45] INFO:		Initialization time: 0:00:00.264000
[25.01 21:58:01] INFO:		======
[25.01 21:58:01] INFO:		Plugins initialised
[25.01 21:58:01] INFO:		Application initialised
[25.01 21:58:01] INFO:		Initialization time: 0:00:00.222000
[25.01 21:58:26] INFO:		======
[25.01 21:58:26] INFO:		Plugins initialised
[25.01 21:58:26] INFO:		Application initialised
[25.01 21:58:26] INFO:		Initialization time: 0:00:00.215000
[25.01 21:58:44] INFO:		======
[25.01 21:58:44] INFO:		Plugins initialised
[25.01 21:58:44] INFO:		Application initialised
[25.01 21:58:45] INFO:		Initialization time: 0:00:00.220000
[25.01 21:59:00] INFO:		======
[25.01 21:59:00] INFO:		Plugins initialised
[25.01 21:59:00] INFO:		Application initialised
[25.01 21:59:00] INFO:		Initialization time: 0:00:00.217000
[25.01 22:01:03] INFO:		======
[25.01 22:01:03] INFO:		Plugins initialised
[25.01 22:01:03] INFO:		Application initialised
[25.01 22:01:03] INFO:		Initialization time: 0:00:00.760000
[25.01 22:01:21] INFO:		======
[25.01 22:01:29] INFO:		======
[25.01 22:01:29] INFO:		Plugins initialised
[25.01 22:01:29] INFO:		Application initialised
[25.01 22:01:29] INFO:		Initialization time: 0:00:00.212000
[25.01 22:03:45] INFO:		======
[25.01 22:03:45] INFO:		Plugins initialised
[25.01 22:03:45] INFO:		Application initialised
[25.01 22:03:45] INFO:		Initialization time: 0:00:00.222000
[25.01 22:06:13] INFO:		======
[25.01 22:06:13] INFO:		Plugins initialised
[25.01 22:06:13] INFO:		Application initialised
[25.01 22:06:13] INFO:		Initialization time: 0:00:00.244000
[25.01 22:06:24] INFO:		======
[25.01 22:06:26] INFO:		======
[25.01 22:06:26] INFO:		Plugins initialised
[25.01 22:06:26] INFO:		Application initialised
[25.01 22:06:26] INFO:		Initialization time: 0:00:00.210000
[25.01 22:08:04] INFO:		======
[25.01 22:08:04] INFO:		Plugins initialised
[25.01 22:08:04] INFO:		Application initialised
[25.01 22:08:04] INFO:		Initialization time: 0:00:00.235000
[25.01 22:08:27] INFO:		======
[25.01 22:08:27] INFO:		Plugins initialised
[25.01 22:08:27] INFO:		Application initialised
[25.01 22:08:27] INFO:		Initialization time: 0:00:00.620000
[25.01 22:09:14] INFO:		======
[25.01 22:09:14] INFO:		Plugins initialised
[25.01 22:09:14] INFO:		Application initialised
[25.01 22:09:14] INFO:		Initialization time: 0:00:00.395000
[25.01 22:09:20] INFO:		======
[25.01 22:09:20] INFO:		Plugins initialised
[25.01 22:09:20] INFO:		Application initialised
[25.01 22:09:20] INFO:		Initialization time: 0:00:00.240000
[25.01 22:34:19] INFO:		======
[25.01 22:34:19] INFO:		Plugins initialised
[25.01 22:34:19] INFO:		Application initialised
[25.01 22:34:19] INFO:		Initialization time: 0:00:00.511000
[25.01 22:40:07] INFO:		======
[25.01 22:40:24] INFO:		======
[25.01 22:40:24] INFO:		Plugins initialised
[25.01 22:40:24] INFO:		Application initialised
[25.01 22:40:24] INFO:		Initialization time: 0:00:00.230000
[25.01 22:40:40] INFO:		======
[25.01 22:40:45] INFO:		======
[25.01 22:40:45] INFO:		Plugins initialised
[25.01 22:40:45] INFO:		Application initialised
[25.01 22:40:45] INFO:		Initialization time: 0:00:00.220000
[25.01 22:41:11] INFO:		======
[25.01 22:41:11] INFO:		Plugins initialised
[25.01 22:41:11] INFO:		Application initialised
[25.01 22:41:11] INFO:		Initialization time: 0:00:00.231000
[25.01 22:41:46] INFO:		======
[25.01 22:41:46] INFO:		Plugins initialised
[25.01 22:41:46] INFO:		Application initialised
[25.01 22:41:46] INFO:		Initialization time: 0:00:00.262000
[25.01 22:42:26] INFO:		======
[25.01 22:42:26] INFO:		Plugins initialised
[25.01 22:42:27] INFO:		Application initialised
[25.01 22:42:27] INFO:		Initialization time: 0:00:00.647000
[25.01 22:42:52] INFO:		======
[25.01 22:42:53] INFO:		Plugins initialised
[25.01 22:42:53] INFO:		Application initialised
[25.01 22:42:53] INFO:		Initialization time: 0:00:00.217000
[25.01 22:53:28] INFO:		======
[25.01 22:53:28] INFO:		Plugins initialised
[25.01 22:53:28] INFO:		Application initialised
[25.01 22:53:28] INFO:		Initialization time: 0:00:00.414000
[25.01 22:54:25] INFO:		======
[25.01 22:55:41] INFO:		======
[25.01 22:55:41] INFO:		Plugins initialised
[25.01 22:55:41] INFO:		Application initialised
[25.01 22:55:41] INFO:		Initialization time: 0:00:00.287000
[25.01 22:56:17] INFO:		======
[25.01 22:56:17] INFO:		Plugins initialised
[25.01 22:56:17] INFO:		Application initialised
[25.01 22:56:17] INFO:		Initialization time: 0:00:00.242000
[25.01 22:56:26] INFO:		======
[25.01 22:56:26] INFO:		Plugins initialised
[25.01 22:56:26] INFO:		Application initialised
[25.01 22:56:26] INFO:		Initialization time: 0:00:00.223000
[25.01 22:56:36] INFO:		======
[25.01 22:56:36] INFO:		Plugins initialised
[25.01 22:56:36] INFO:		Application initialised
[25.01 22:56:36] INFO:		Initialization time: 0:00:00.218000
[25.01 22:57:00] INFO:		======
[25.01 22:57:02] INFO:		======
[25.01 22:57:02] INFO:		Plugins initialised
[25.01 22:57:02] INFO:		Application initialised
[25.01 22:57:02] INFO:		Initialization time: 0:00:00.220000
[25.01 22:57:12] INFO:		======
[25.01 22:57:14] INFO:		======
[25.01 22:57:15] INFO:		Plugins initialised
[25.01 22:57:15] INFO:		Application initialised
[25.01 22:57:15] INFO:		Initialization time: 0:00:00.232000
[25.01 22:57:42] INFO:		======
[25.01 22:57:42] INFO:		Plugins initialised
[25.01 22:57:42] INFO:		Application initialised
[25.01 22:57:42] INFO:		Initialization time: 0:00:00.219000
[25.01 23:02:17] INFO:		======
[25.01 23:02:17] INFO:		Plugins initialised
[25.01 23:02:17] INFO:		Application initialised
[25.01 23:02:17] INFO:		Initialization time: 0:00:00.579000
[25.01 23:05:03] INFO:		======
[25.01 23:05:13] INFO:		======
[25.01 23:05:13] INFO:		Plugins initialised
[25.01 23:05:13] INFO:		Application initialised
[25.01 23:05:13] INFO:		Initialization time: 0:00:00.233000
[25.01 23:05:27] INFO:		======
[25.01 23:05:27] INFO:		Plugins initialised
[25.01 23:05:27] INFO:		Application initialised
[25.01 23:05:27] INFO:		Initialization time: 0:00:00.229000
[25.01 23:05:50] INFO:		======
[25.01 23:05:50] INFO:		Plugins initialised
[25.01 23:05:50] INFO:		Application initialised
[25.01 23:05:50] INFO:		Initialization time: 0:00:00.249000
[25.01 23:06:02] INFO:		======
[25.01 23:06:05] INFO:		======
[25.01 23:06:05] INFO:		Plugins initialised
[25.01 23:06:05] INFO:		Application initialised
[25.01 23:06:05] INFO:		Initialization time: 0:00:00.220000
[25.01 23:06:14] INFO:		======
[25.01 23:06:16] INFO:		======
[25.01 23:06:16] INFO:		Plugins initialised
[25.01 23:06:16] INFO:		Application initialised
[25.01 23:06:16] INFO:		Initialization time: 0:00:00.224000
[25.01 23:35:27] INFO:		======
[25.01 23:35:27] INFO:		Plugins initialised
[25.01 23:35:27] INFO:		Application initialised
[25.01 23:35:27] INFO:		Initialization time: 0:00:00.342000
[25.01 23:36:59] INFO:		======
[25.01 23:37:01] INFO:		======
[25.01 23:37:01] INFO:		Plugins initialised
[25.01 23:37:01] INFO:		Application initialised
[25.01 23:37:01] INFO:		Initialization time: 0:00:00.502000
[26.01 11:37:31] INFO:		======
[26.01 11:38:10] INFO:		Plugins initialised
[26.01 11:38:14] INFO:		Application initialised
[26.01 11:38:17] INFO:		Initialization time: 0:00:58.067474
[26.01 11:38:48] INFO:		======
[26.01 11:38:50] INFO:		Plugins initialised
[26.01 11:38:50] INFO:		Application initialised
[26.01 11:38:50] INFO:		Initialization time: 0:00:05.271542
[26.01 11:47:20] INFO:		======
[26.01 11:47:25] INFO:		Plugins initialised
[26.01 11:47:25] INFO:		Application initialised
[26.01 11:47:25] INFO:		Initialization time: 0:00:07.750112
[26.01 11:47:33] INFO:		======
[26.01 11:47:33] INFO:		Plugins initialised
[26.01 11:47:33] INFO:		Application initialised
[26.01 11:47:33] INFO:		Initialization time: 0:00:00.370851
[26.01 12:24:08] INFO:		======
[26.01 12:24:13] INFO:		Plugins initialised
[26.01 12:24:14] INFO:		Application initialised
[26.01 12:24:14] INFO:		Initialization time: 0:00:07.067996
[26.01 12:24:28] INFO:		======
[26.01 12:24:29] INFO:		Plugins initialised
[26.01 12:24:29] INFO:		Application initialised
[26.01 12:24:29] INFO:		Initialization time: 0:00:00.510997
[26.01 12:25:07] INFO:		======
[26.01 12:25:07] INFO:		Plugins initialised
[26.01 12:25:07] INFO:		Application initialised
[26.01 12:25:07] INFO:		Initialization time: 0:00:00.357524
[26.01 12:52:19] INFO:		======
[26.01 12:52:19] INFO:		Plugins initialised
[26.01 12:52:19] INFO:		Application initialised
[26.01 12:52:19] INFO:		Initialization time: 0:00:00.688681
[26.01 13:00:05] INFO:		======
[26.01 13:00:05] INFO:		Plugins initialised
[26.01 13:00:05] INFO:		Application initialised
[26.01 13:00:05] INFO:		Initialization time: 0:00:00.547990
[26.01 13:01:16] INFO:		======
[26.01 13:01:16] INFO:		Plugins initialised
[26.01 13:01:16] INFO:		Application initialised
[26.01 13:01:16] INFO:		Initialization time: 0:00:00.399295
[26.01 13:01:49] INFO:		======
[26.01 13:01:49] INFO:		Plugins initialised
[26.01 13:01:49] INFO:		Application initialised
[26.01 13:01:49] INFO:		Initialization time: 0:00:00.423717
[26.01 13:03:02] INFO:		======
[26.01 13:03:02] INFO:		Plugins initialised
[26.01 13:03:02] INFO:		Application initialised
[26.01 13:03:02] INFO:		Initialization time: 0:00:00.450393
[26.01 13:03:21] INFO:		======
[26.01 13:03:21] INFO:		Plugins initialised
[26.01 13:03:22] INFO:		Application initialised
[26.01 13:03:22] INFO:		Initialization time: 0:00:00.402786
[26.01 13:03:28] INFO:		======
[26.01 13:03:28] INFO:		Plugins initialised
[26.01 13:03:28] INFO:		Application initialised
[26.01 13:03:28] INFO:		Initialization time: 0:00:00.377039
[26.01 13:04:03] INFO:		======
[26.01 13:04:03] INFO:		Plugins initialised
[26.01 13:04:03] INFO:		Application initialised
[26.01 13:04:03] INFO:		Initialization time: 0:00:00.343897
[26.01 13:04:26] INFO:		======
[26.01 13:04:26] INFO:		Plugins initialised
[26.01 13:04:26] INFO:		Application initialised
[26.01 13:04:26] INFO:		Initialization time: 0:00:00.400253
[26.01 13:05:04] INFO:		======
[26.01 13:05:04] INFO:		Plugins initialised
[26.01 13:05:04] INFO:		Application initialised
[26.01 13:05:04] INFO:		Initialization time: 0:00:00.357187
[26.01 13:05:15] INFO:		======
[26.01 13:05:15] INFO:		Plugins initialised
[26.01 13:05:15] INFO:		Application initialised
[26.01 13:05:15] INFO:		Initialization time: 0:00:00.407825
[26.01 13:06:11] INFO:		======
[26.01 13:06:11] INFO:		Plugins initialised
[26.01 13:06:11] INFO:		Application initialised
[26.01 13:06:11] INFO:		Initialization time: 0:00:00.361008
[26.01 13:06:16] INFO:		======
[26.01 13:06:17] INFO:		Plugins initialised
[26.01 13:06:17] INFO:		Application initialised
[26.01 13:06:17] INFO:		Initialization time: 0:00:00.410073
[26.01 13:06:29] INFO:		======
[26.01 13:06:29] INFO:		Plugins initialised
[26.01 13:06:29] INFO:		Application initialised
[26.01 13:06:29] INFO:		Initialization time: 0:00:00.442625
[26.01 13:06:53] INFO:		======
[26.01 13:06:55] INFO:		Plugins initialised
[26.01 13:06:55] INFO:		Application initialised
[26.01 13:06:55] INFO:		Initialization time: 0:00:02.460458
[26.01 13:07:01] INFO:		======
[26.01 13:07:01] INFO:		Plugins initialised
[26.01 13:07:01] INFO:		Application initialised
[26.01 13:07:01] INFO:		Initialization time: 0:00:00.366713
[26.01 13:09:51] INFO:		======
[26.01 13:09:51] INFO:		Plugins initialised
[26.01 13:09:51] INFO:		Application initialised
[26.01 13:09:51] INFO:		Initialization time: 0:00:00.368605
[26.01 13:10:09] INFO:		======
[26.01 13:10:09] INFO:		Plugins initialised
[26.01 13:10:09] INFO:		Application initialised
[26.01 13:10:09] INFO:		Initialization time: 0:00:00.340950
[26.01 13:10:35] INFO:		======
[26.01 13:10:35] INFO:		Plugins initialised
[26.01 13:10:36] INFO:		Application initialised
[26.01 13:10:36] INFO:		Initialization time: 0:00:00.389143
[26.01 13:10:51] INFO:		======
[26.01 13:10:51] INFO:		Plugins initialised
[26.01 13:10:51] INFO:		Application initialised
[26.01 13:10:51] INFO:		Initialization time: 0:00:00.490917
[26.01 13:16:44] INFO:		======
[26.01 13:16:44] INFO:		Plugins initialised
[26.01 13:16:44] INFO:		Application initialised
[26.01 13:16:44] INFO:		Initialization time: 0:00:00.795689
[26.01 13:16:55] INFO:		======
[26.01 13:16:55] INFO:		Plugins initialised
[26.01 13:16:55] INFO:		Application initialised
[26.01 13:16:55] INFO:		Initialization time: 0:00:00.447987
[26.01 13:34:33] INFO:		======
[26.01 13:34:33] INFO:		Plugins initialised
[26.01 13:34:33] INFO:		Application initialised
[26.01 13:34:33] INFO:		Initialization time: 0:00:00.344961
[26.01 13:38:33] INFO:		======
[26.01 13:38:34] INFO:		Plugins initialised
[26.01 13:38:34] INFO:		Application initialised
[26.01 13:38:34] INFO:		Initialization time: 0:00:01.610756
[26.01 13:38:52] INFO:		======
[26.01 13:38:52] INFO:		Plugins initialised
[26.01 13:38:52] INFO:		Application initialised
[26.01 13:38:52] INFO:		Initialization time: 0:00:00.356569
[26.01 13:39:00] INFO:		======
[26.01 13:39:01] INFO:		Plugins initialised
[26.01 13:39:01] INFO:		Application initialised
[26.01 13:39:01] INFO:		Initialization time: 0:00:00.466438
[26.01 13:51:56] INFO:		======
[26.01 13:52:02] INFO:		Plugins initialised
[26.01 13:52:04] INFO:		Application initialised
[26.01 13:52:04] INFO:		Initialization time: 0:00:10.436056
[26.01 13:52:15] INFO:		======
[26.01 13:52:16] INFO:		Plugins initialised
[26.01 13:52:16] INFO:		Application initialised
[26.01 13:52:16] INFO:		Initialization time: 0:00:00.562470
[26.01 13:52:47] INFO:		======
[26.01 13:52:47] INFO:		Plugins initialised
[26.01 13:52:47] INFO:		Application initialised
[26.01 13:52:47] INFO:		Initialization time: 0:00:00.350122
[26.01 13:53:05] INFO:		======
[26.01 13:53:05] INFO:		Plugins initialised
[26.01 13:53:05] INFO:		Application initialised
[26.01 13:53:05] INFO:		Initialization time: 0:00:00.355750
[26.01 13:53:45] INFO:		======
[26.01 13:53:45] INFO:		Plugins initialised
[26.01 13:53:45] INFO:		Application initialised
[26.01 13:53:45] INFO:		Initialization time: 0:00:00.444425
[26.01 13:54:10] INFO:		======
[26.01 13:54:10] INFO:		Plugins initialised
[26.01 13:54:10] INFO:		Application initialised
[26.01 13:54:10] INFO:		Initialization time: 0:00:00.334505
[26.01 13:54:28] INFO:		======
[26.01 13:54:28] INFO:		Plugins initialised
[26.01 13:54:28] INFO:		Application initialised
[26.01 13:54:28] INFO:		Initialization time: 0:00:00.325787
[26.01 13:54:55] INFO:		======
[26.01 13:54:55] INFO:		Plugins initialised
[26.01 13:54:55] INFO:		Application initialised
[26.01 13:54:55] INFO:		Initialization time: 0:00:00.371248
[26.01 13:55:21] INFO:		======
[26.01 13:55:21] INFO:		Plugins initialised
[26.01 13:55:21] INFO:		Application initialised
[26.01 13:55:21] INFO:		Initialization time: 0:00:00.432967
[26.01 14:09:35] INFO:		======
[26.01 14:09:44] INFO:		Plugins initialised
[26.01 14:09:45] INFO:		Application initialised
[26.01 14:09:45] INFO:		Initialization time: 0:00:11.912066
[26.01 14:10:38] INFO:		======
[26.01 14:10:38] INFO:		Plugins initialised
[26.01 14:10:38] INFO:		Application initialised
[26.01 14:10:39] INFO:		Initialization time: 0:00:00.343345
[26.01 14:11:41] INFO:		======
[26.01 14:11:41] INFO:		Plugins initialised
[26.01 14:11:41] INFO:		Application initialised
[26.01 14:11:41] INFO:		Initialization time: 0:00:00.337987
[26.01 14:11:50] INFO:		======
[26.01 14:11:51] INFO:		Plugins initialised
[26.01 14:11:51] INFO:		Application initialised
[26.01 14:11:51] INFO:		Initialization time: 0:00:00.379815
[26.01 14:14:17] INFO:		======
[26.01 14:14:17] INFO:		Plugins initialised
[26.01 14:14:17] INFO:		Application initialised
[26.01 14:14:17] INFO:		Initialization time: 0:00:00.476553
[26.01 14:14:51] INFO:		======
[26.01 14:14:51] INFO:		Plugins initialised
[26.01 14:14:51] INFO:		Application initialised
[26.01 14:14:51] INFO:		Initialization time: 0:00:00.415599
[26.01 14:15:33] INFO:		======
[26.01 14:15:33] INFO:		Plugins initialised
[26.01 14:15:33] INFO:		Application initialised
[26.01 14:15:33] INFO:		Initialization time: 0:00:00.352008
[26.01 14:15:56] INFO:		======
[26.01 14:15:57] INFO:		Plugins initialised
[26.01 14:15:57] INFO:		Application initialised
[26.01 14:15:57] INFO:		Initialization time: 0:00:00.479525
[26.01 14:17:22] INFO:		======
[26.01 14:17:22] INFO:		Plugins initialised
[26.01 14:17:22] INFO:		Application initialised
[26.01 14:17:22] INFO:		Initialization time: 0:00:00.380930
[26.01 14:17:51] INFO:		======
[26.01 14:17:51] INFO:		Plugins initialised
[26.01 14:17:51] INFO:		Application initialised
[26.01 14:17:51] INFO:		Initialization time: 0:00:00.413666
[26.01 14:18:30] INFO:		======
[26.01 14:18:31] INFO:		Plugins initialised
[26.01 14:18:31] INFO:		Application initialised
[26.01 14:18:31] INFO:		Initialization time: 0:00:01.442234
[26.01 14:19:58] INFO:		======
[26.01 14:19:59] INFO:		Plugins initialised
[26.01 14:19:59] INFO:		Application initialised
[26.01 14:19:59] INFO:		Initialization time: 0:00:00.361787
[26.01 14:20:16] INFO:		======
[26.01 14:20:17] INFO:		Plugins initialised
[26.01 14:20:17] INFO:		Application initialised
[26.01 14:20:17] INFO:		Initialization time: 0:00:01.349235
[26.01 14:20:58] INFO:		======
[26.01 14:20:58] INFO:		Plugins initialised
[26.01 14:20:58] INFO:		Application initialised
[26.01 14:20:58] INFO:		Initialization time: 0:00:00.503936
[26.01 14:21:29] INFO:		======
[26.01 14:21:29] INFO:		Plugins initialised
[26.01 14:21:29] INFO:		Application initialised
[26.01 14:21:29] INFO:		Initialization time: 0:00:00.380195
[26.01 14:21:35] INFO:		======
[26.01 14:21:35] INFO:		Plugins initialised
[26.01 14:21:35] INFO:		Application initialised
[26.01 14:21:35] INFO:		Initialization time: 0:00:00.455216
[26.01 14:21:49] INFO:		======
[26.01 14:21:49] INFO:		Plugins initialised
[26.01 14:21:49] INFO:		Application initialised
[26.01 14:21:49] INFO:		Initialization time: 0:00:00.361872
[26.01 14:22:47] INFO:		======
[26.01 14:22:47] INFO:		Plugins initialised
[26.01 14:22:47] INFO:		Application initialised
[26.01 14:22:47] INFO:		Initialization time: 0:00:00.348086
[26.01 14:22:53] INFO:		======
[26.01 14:22:53] INFO:		Plugins initialised
[26.01 14:22:53] INFO:		Application initialised
[26.01 14:22:53] INFO:		Initialization time: 0:00:00.374873
[26.01 14:23:08] INFO:		======
[26.01 14:23:08] INFO:		Plugins initialised
[26.01 14:23:08] INFO:		Application initialised
[26.01 14:23:08] INFO:		Initialization time: 0:00:00.408318
[26.01 14:23:49] INFO:		======
[26.01 14:23:50] INFO:		Plugins initialised
[26.01 14:23:50] INFO:		Application initialised
[26.01 14:23:50] INFO:		Initialization time: 0:00:00.396096
[26.01 14:24:37] INFO:		======
[26.01 14:24:37] INFO:		Plugins initialised
[26.01 14:24:37] INFO:		Application initialised
[26.01 14:24:37] INFO:		Initialization time: 0:00:00.428303
[26.01 14:25:03] INFO:		======
[26.01 14:25:03] INFO:		Plugins initialised
[26.01 14:25:03] INFO:		Application initialised
[26.01 14:25:03] INFO:		Initialization time: 0:00:00.350271
[26.01 14:25:19] INFO:		======
[26.01 14:25:19] INFO:		Plugins initialised
[26.01 14:25:19] INFO:		Application initialised
[26.01 14:25:19] INFO:		Initialization time: 0:00:00.351291
[26.01 14:25:34] INFO:		======
[26.01 14:25:34] INFO:		Plugins initialised
[26.01 14:25:34] INFO:		Application initialised
[26.01 14:25:34] INFO:		Initialization time: 0:00:00.340335
[26.01 14:28:09] INFO:		======
[26.01 14:28:09] INFO:		Plugins initialised
[26.01 14:28:09] INFO:		Application initialised
[26.01 14:28:09] INFO:		Initialization time: 0:00:00.334932
[26.01 14:28:36] INFO:		======
[26.01 14:28:36] INFO:		Plugins initialised
[26.01 14:28:36] INFO:		Application initialised
[26.01 14:28:36] INFO:		Initialization time: 0:00:00.488142
[26.01 14:29:11] INFO:		======
[26.01 14:29:12] INFO:		Plugins initialised
[26.01 14:29:12] INFO:		Application initialised
[26.01 14:29:12] INFO:		Initialization time: 0:00:00.345511
[26.01 14:29:30] INFO:		======
[26.01 14:29:31] INFO:		Plugins initialised
[26.01 14:29:31] INFO:		Application initialised
[26.01 14:29:31] INFO:		Initialization time: 0:00:00.444060
[26.01 14:29:57] INFO:		======
[26.01 14:29:57] INFO:		Plugins initialised
[26.01 14:29:57] INFO:		Application initialised
[26.01 14:29:57] INFO:		Initialization time: 0:00:00.421130
[26.01 14:30:27] INFO:		======
[26.01 14:30:27] INFO:		Plugins initialised
[26.01 14:30:27] INFO:		Application initialised
[26.01 14:30:27] INFO:		Initialization time: 0:00:00.357025
[26.01 14:30:41] INFO:		======
[26.01 14:30:42] INFO:		Plugins initialised
[26.01 14:30:42] INFO:		Application initialised
[26.01 14:30:42] INFO:		Initialization time: 0:00:00.376402
[26.01 14:31:11] INFO:		======
[26.01 14:31:11] INFO:		Plugins initialised
[26.01 14:31:11] INFO:		Application initialised
[26.01 14:31:11] INFO:		Initialization time: 0:00:00.357248
[26.01 14:32:57] INFO:		======
[26.01 14:33:42] INFO:		======
[26.01 14:33:42] INFO:		Plugins initialised
[26.01 14:33:42] INFO:		Application initialised
[26.01 14:33:42] INFO:		Initialization time: 0:00:00.531619
[26.01 14:33:53] INFO:		======
[26.01 14:33:53] INFO:		Plugins initialised
[26.01 14:33:54] INFO:		Application initialised
[26.01 14:33:54] INFO:		Initialization time: 0:00:00.521298
[26.01 14:34:56] INFO:		======
[26.01 14:34:57] INFO:		Plugins initialised
[26.01 14:34:57] INFO:		Application initialised
[26.01 14:34:57] INFO:		Initialization time: 0:00:01.243651
[26.01 14:35:40] INFO:		======
[26.01 14:35:40] INFO:		Plugins initialised
[26.01 14:35:40] INFO:		Application initialised
[26.01 14:35:40] INFO:		Initialization time: 0:00:00.379686
[26.01 14:35:47] INFO:		======
[26.01 14:35:47] INFO:		Plugins initialised
[26.01 14:35:47] INFO:		Application initialised
[26.01 14:35:47] INFO:		Initialization time: 0:00:00.360320
[26.01 14:39:48] INFO:		======
[26.01 14:39:52] INFO:		Plugins initialised
[26.01 14:39:52] INFO:		Application initialised
[26.01 14:39:52] INFO:		Initialization time: 0:00:05.039358
[26.01 14:40:14] INFO:		======
[26.01 14:40:14] INFO:		Plugins initialised
[26.01 14:40:14] INFO:		Application initialised
[26.01 14:40:14] INFO:		Initialization time: 0:00:00.387552
[26.01 14:40:38] INFO:		======
[26.01 14:40:38] INFO:		Plugins initialised
[26.01 14:40:38] INFO:		Application initialised
[26.01 14:40:38] INFO:		Initialization time: 0:00:00.352545
[26.01 14:40:43] INFO:		======
[26.01 14:40:44] INFO:		Plugins initialised
[26.01 14:40:44] INFO:		Application initialised
[26.01 14:40:44] INFO:		Initialization time: 0:00:00.340697
[26.01 14:41:03] INFO:		======
[26.01 14:41:03] INFO:		Plugins initialised
[26.01 14:41:03] INFO:		Application initialised
[26.01 14:41:03] INFO:		Initialization time: 0:00:00.383594
[26.01 14:41:17] INFO:		======
[26.01 14:41:17] INFO:		Plugins initialised
[26.01 14:41:17] INFO:		Application initialised
[26.01 14:41:17] INFO:		Initialization time: 0:00:00.398905
[26.01 14:41:46] INFO:		======
[26.01 14:41:46] INFO:		Plugins initialised
[26.01 14:41:46] INFO:		Application initialised
[26.01 14:41:46] INFO:		Initialization time: 0:00:00.377117
[26.01 14:42:03] INFO:		======
[26.01 14:42:03] INFO:		Plugins initialised
[26.01 14:42:03] INFO:		Application initialised
[26.01 14:42:03] INFO:		Initialization time: 0:00:00.378631
[26.01 14:42:23] INFO:		======
[26.01 14:42:24] INFO:		Plugins initialised
[26.01 14:42:24] INFO:		Application initialised
[26.01 14:42:24] INFO:		Initialization time: 0:00:00.379125
[26.01 14:43:01] INFO:		======
[26.01 14:43:01] INFO:		Plugins initialised
[26.01 14:43:01] INFO:		Application initialised
[26.01 14:43:01] INFO:		Initialization time: 0:00:00.387611
[26.01 14:43:41] INFO:		======
[26.01 14:43:41] INFO:		Plugins initialised
[26.01 14:43:41] INFO:		Application initialised
[26.01 14:43:41] INFO:		Initialization time: 0:00:00.399377
[26.01 14:44:19] INFO:		======
[26.01 14:44:19] INFO:		Plugins initialised
[26.01 14:44:19] INFO:		Application initialised
[26.01 14:44:19] INFO:		Initialization time: 0:00:00.414040
[26.01 14:44:48] INFO:		======
[26.01 14:44:48] INFO:		Plugins initialised
[26.01 14:44:48] INFO:		Application initialised
[26.01 14:44:48] INFO:		Initialization time: 0:00:00.357757
[26.01 14:45:36] INFO:		======
[26.01 14:45:37] INFO:		Plugins initialised
[26.01 14:45:37] INFO:		Application initialised
[26.01 14:45:37] INFO:		Initialization time: 0:00:00.390421
[26.01 14:45:52] INFO:		======
[26.01 14:45:53] INFO:		Plugins initialised
[26.01 14:45:53] INFO:		Application initialised
[26.01 14:45:53] INFO:		Initialization time: 0:00:00.392235
[26.01 14:46:30] INFO:		======
[26.01 14:46:31] INFO:		Plugins initialised
[26.01 14:46:32] INFO:		Application initialised
[26.01 14:46:32] INFO:		Initialization time: 0:00:04.298661
[26.01 14:46:54] INFO:		======
[26.01 14:46:54] INFO:		Plugins initialised
[26.01 14:46:54] INFO:		Application initialised
[26.01 14:46:54] INFO:		Initialization time: 0:00:00.415216
[26.01 14:47:16] INFO:		======
[26.01 14:47:16] INFO:		Plugins initialised
[26.01 14:47:16] INFO:		Application initialised
[26.01 14:47:16] INFO:		Initialization time: 0:00:00.359340
[26.01 14:47:50] INFO:		======
[26.01 14:47:50] INFO:		Plugins initialised
[26.01 14:47:51] INFO:		Application initialised
[26.01 14:47:51] INFO:		Initialization time: 0:00:00.380229
[26.01 14:48:33] INFO:		======
[26.01 14:48:34] INFO:		Plugins initialised
[26.01 14:48:34] INFO:		Application initialised
[26.01 14:48:34] INFO:		Initialization time: 0:00:00.450113
[26.01 14:49:21] INFO:		======
[26.01 14:49:21] INFO:		Plugins initialised
[26.01 14:49:21] INFO:		Application initialised
[26.01 14:49:21] INFO:		Initialization time: 0:00:00.403276
[26.01 14:49:39] INFO:		======
[26.01 14:49:39] INFO:		Plugins initialised
[26.01 14:49:39] INFO:		Application initialised
[26.01 14:49:39] INFO:		Initialization time: 0:00:00.371722
[26.01 14:50:06] INFO:		======
[26.01 14:50:06] INFO:		Plugins initialised
[26.01 14:50:06] INFO:		Application initialised
[26.01 14:50:06] INFO:		Initialization time: 0:00:00.351709
[26.01 14:50:20] INFO:		======
[26.01 14:50:20] INFO:		Plugins initialised
[26.01 14:50:20] INFO:		Application initialised
[26.01 14:50:20] INFO:		Initialization time: 0:00:00.463672
[26.01 14:50:29] INFO:		======
[26.01 14:50:29] INFO:		Plugins initialised
[26.01 14:50:29] INFO:		Application initialised
[26.01 14:50:29] INFO:		Initialization time: 0:00:00.358807
[26.01 14:50:49] INFO:		======
[26.01 14:50:49] INFO:		Plugins initialised
[26.01 14:50:49] INFO:		Application initialised
[26.01 14:50:49] INFO:		Initialization time: 0:00:00.379103
[26.01 14:51:00] INFO:		======
[26.01 14:51:00] INFO:		Plugins initialised
[26.01 14:51:00] INFO:		Application initialised
[26.01 14:51:00] INFO:		Initialization time: 0:00:00.417893
[26.01 14:51:11] INFO:		======
[26.01 14:51:12] INFO:		Plugins initialised
[26.01 14:51:12] INFO:		Application initialised
[26.01 14:51:12] INFO:		Initialization time: 0:00:00.507177
[26.01 14:51:37] INFO:		======
[26.01 14:51:38] INFO:		Plugins initialised
[26.01 14:51:38] INFO:		Application initialised
[26.01 14:51:38] INFO:		Initialization time: 0:00:00.368659
[26.01 14:51:44] INFO:		======
[26.01 14:51:44] INFO:		Plugins initialised
[26.01 14:51:44] INFO:		Application initialised
[26.01 14:51:44] INFO:		Initialization time: 0:00:00.375046
[26.01 14:52:19] INFO:		======
[26.01 14:52:19] INFO:		Plugins initialised
[26.01 14:52:19] INFO:		Application initialised
[26.01 14:52:19] INFO:		Initialization time: 0:00:00.374237
[26.01 14:52:24] INFO:		======
[26.01 14:52:24] INFO:		Plugins initialised
[26.01 14:52:24] INFO:		Application initialised
[26.01 14:52:24] INFO:		Initialization time: 0:00:00.359770
[26.01 14:52:35] INFO:		======
[26.01 14:52:35] INFO:		Plugins initialised
[26.01 14:52:35] INFO:		Application initialised
[26.01 14:52:35] INFO:		Initialization time: 0:00:00.354764
[26.01 14:52:40] INFO:		======
[26.01 14:52:40] INFO:		Plugins initialised
[26.01 14:52:40] INFO:		Application initialised
[26.01 14:52:40] INFO:		Initialization time: 0:00:00.346890
[26.01 14:52:51] INFO:		======
[26.01 14:52:51] INFO:		Plugins initialised
[26.01 14:52:51] INFO:		Application initialised
[26.01 14:52:51] INFO:		Initialization time: 0:00:00.443295
[26.01 14:53:22] INFO:		======
[26.01 14:53:22] INFO:		Plugins initialised
[26.01 14:53:22] INFO:		Application initialised
[26.01 14:53:22] INFO:		Initialization time: 0:00:00.407010
[26.01 14:54:07] INFO:		======
[26.01 14:54:07] INFO:		Plugins initialised
[26.01 14:54:07] INFO:		Application initialised
[26.01 14:54:07] INFO:		Initialization time: 0:00:00.412637
[26.01 14:54:30] INFO:		======
[26.01 14:54:31] INFO:		Plugins initialised
[26.01 14:54:31] INFO:		Application initialised
[26.01 14:54:31] INFO:		Initialization time: 0:00:00.362752
[26.01 14:54:48] INFO:		======
[26.01 14:54:48] INFO:		Plugins initialised
[26.01 14:54:48] INFO:		Application initialised
[26.01 14:54:48] INFO:		Initialization time: 0:00:00.384170
[26.01 14:55:23] INFO:		======
[26.01 14:55:23] INFO:		Plugins initialised
[26.01 14:55:23] INFO:		Application initialised
[26.01 14:55:23] INFO:		Initialization time: 0:00:00.610733
[26.01 14:55:56] INFO:		======
[26.01 14:55:56] INFO:		Plugins initialised
[26.01 14:55:56] INFO:		Application initialised
[26.01 14:55:56] INFO:		Initialization time: 0:00:00.360031
[26.01 14:56:08] INFO:		======
[26.01 14:56:09] INFO:		Plugins initialised
[26.01 14:56:09] INFO:		Application initialised
[26.01 14:56:09] INFO:		Initialization time: 0:00:00.349717
[26.01 14:56:31] INFO:		======
[26.01 14:56:31] INFO:		Plugins initialised
[26.01 14:56:31] INFO:		Application initialised
[26.01 14:56:31] INFO:		Initialization time: 0:00:00.407169
[26.01 14:57:00] INFO:		======
[26.01 14:57:00] INFO:		Plugins initialised
[26.01 14:57:00] INFO:		Application initialised
[26.01 14:57:00] INFO:		Initialization time: 0:00:00.450496
[26.01 14:57:22] INFO:		======
[26.01 14:57:22] INFO:		Plugins initialised
[26.01 14:57:22] INFO:		Application initialised
[26.01 14:57:22] INFO:		Initialization time: 0:00:00.334112
[26.01 14:57:59] INFO:		======
[26.01 14:57:59] INFO:		Plugins initialised
[26.01 14:57:59] INFO:		Application initialised
[26.01 14:57:59] INFO:		Initialization time: 0:00:00.354600
[26.01 14:58:18] INFO:		======
[26.01 14:58:18] INFO:		Plugins initialised
[26.01 14:58:18] INFO:		Application initialised
[26.01 14:58:18] INFO:		Initialization time: 0:00:00.482361
[26.01 14:59:24] INFO:		======
[26.01 14:59:24] INFO:		Plugins initialised
[26.01 14:59:24] INFO:		Application initialised
[26.01 14:59:24] INFO:		Initialization time: 0:00:00.509980
[26.01 15:00:21] INFO:		======
[26.01 15:00:22] INFO:		Plugins initialised
[26.01 15:00:22] INFO:		Application initialised
[26.01 15:00:22] INFO:		Initialization time: 0:00:00.387976
[26.01 15:01:07] INFO:		======
[26.01 15:01:07] INFO:		Plugins initialised
[26.01 15:01:07] INFO:		Application initialised
[26.01 15:01:07] INFO:		Initialization time: 0:00:00.517415
[26.01 15:01:24] INFO:		======
[26.01 15:01:25] INFO:		Plugins initialised
[26.01 15:01:25] INFO:		Application initialised
[26.01 15:01:25] INFO:		Initialization time: 0:00:00.540035
[26.01 15:01:38] INFO:		======
[26.01 15:01:38] INFO:		Plugins initialised
[26.01 15:01:39] INFO:		Application initialised
[26.01 15:01:39] INFO:		Initialization time: 0:00:00.497729
[26.01 15:02:24] INFO:		======
[26.01 15:02:24] INFO:		Plugins initialised
[26.01 15:02:24] INFO:		Application initialised
[26.01 15:02:24] INFO:		Initialization time: 0:00:00.357308
[26.01 15:02:56] INFO:		======
[26.01 15:02:57] INFO:		Plugins initialised
[26.01 15:02:57] INFO:		Application initialised
[26.01 15:02:57] INFO:		Initialization time: 0:00:00.407551
[26.01 15:10:32] INFO:		======
[26.01 15:10:40] INFO:		Plugins initialised
[26.01 15:10:41] INFO:		Application initialised
[26.01 15:10:41] INFO:		Initialization time: 0:00:14.251737
[26.01 15:11:01] INFO:		======
[26.01 15:11:11] INFO:		Plugins initialised
[26.01 15:11:12] INFO:		Application initialised
[26.01 15:11:13] INFO:		Initialization time: 0:00:13.447196
[26.01 15:12:02] INFO:		======
[26.01 15:12:02] INFO:		Plugins initialised
[26.01 15:12:02] INFO:		Application initialised
[26.01 15:12:02] INFO:		Initialization time: 0:00:00.431236
[26.01 15:12:14] INFO:		======
[26.01 15:12:15] INFO:		Plugins initialised
[26.01 15:12:15] INFO:		Application initialised
[26.01 15:12:15] INFO:		Initialization time: 0:00:01.230997
[26.01 15:12:48] INFO:		======
[26.01 15:12:48] INFO:		Plugins initialised
[26.01 15:12:48] INFO:		Application initialised
[26.01 15:12:48] INFO:		Initialization time: 0:00:00.416835
[26.01 15:13:16] INFO:		======
[26.01 15:13:17] INFO:		Plugins initialised
[26.01 15:13:17] INFO:		Application initialised
[26.01 15:13:17] INFO:		Initialization time: 0:00:00.663904
[26.01 15:14:02] INFO:		======
[26.01 15:14:02] INFO:		Plugins initialised
[26.01 15:14:02] INFO:		Application initialised
[26.01 15:14:02] INFO:		Initialization time: 0:00:00.372542
[26.01 15:14:11] INFO:		======
[26.01 15:14:12] INFO:		Plugins initialised
[26.01 15:14:12] INFO:		Application initialised
[26.01 15:14:12] INFO:		Initialization time: 0:00:00.745566
[26.01 15:14:37] INFO:		======
[26.01 15:14:37] INFO:		Plugins initialised
[26.01 15:14:37] INFO:		Application initialised
[26.01 15:14:37] INFO:		Initialization time: 0:00:00.381811
[26.01 15:14:45] INFO:		======
[26.01 15:14:45] INFO:		Plugins initialised
[26.01 15:14:45] INFO:		Application initialised
[26.01 15:14:45] INFO:		Initialization time: 0:00:00.363729
[26.01 15:15:08] INFO:		======
[26.01 15:15:08] INFO:		Plugins initialised
[26.01 15:15:08] INFO:		Application initialised
[26.01 15:15:08] INFO:		Initialization time: 0:00:00.452029
[26.01 15:15:44] INFO:		======
[26.01 15:15:44] INFO:		Plugins initialised
[26.01 15:15:44] INFO:		Application initialised
[26.01 15:15:44] INFO:		Initialization time: 0:00:00.377410
[26.01 15:15:52] INFO:		======
[26.01 15:15:53] INFO:		Plugins initialised
[26.01 15:15:53] INFO:		Application initialised
[26.01 15:15:53] INFO:		Initialization time: 0:00:02.193557
[26.01 15:16:06] INFO:		======
[26.01 15:16:06] INFO:		Plugins initialised
[26.01 15:16:06] INFO:		Application initialised
[26.01 15:16:07] INFO:		Initialization time: 0:00:00.367134
[26.01 15:16:16] INFO:		======
[26.01 15:16:16] INFO:		Plugins initialised
[26.01 15:16:16] INFO:		Application initialised
[26.01 15:16:16] INFO:		Initialization time: 0:00:00.384369
[26.01 15:16:45] INFO:		======
[26.01 15:16:45] INFO:		Plugins initialised
[26.01 15:16:45] INFO:		Application initialised
[26.01 15:16:45] INFO:		Initialization time: 0:00:01.115158
[26.01 15:19:07] INFO:		======
[26.01 15:19:12] INFO:		Plugins initialised
[26.01 15:19:12] INFO:		Application initialised
[26.01 15:19:12] INFO:		Initialization time: 0:00:06.428060
[26.01 15:19:22] INFO:		======
[26.01 15:19:26] INFO:		Plugins initialised
[26.01 15:19:26] INFO:		Application initialised
[26.01 15:19:26] INFO:		Initialization time: 0:00:05.424159
[26.01 15:19:47] INFO:		======
[26.01 15:19:47] INFO:		Plugins initialised
[26.01 15:19:47] INFO:		Application initialised
[26.01 15:19:48] INFO:		Initialization time: 0:00:00.437569
[26.01 15:20:22] INFO:		======
[26.01 15:20:22] INFO:		Plugins initialised
[26.01 15:20:22] INFO:		Application initialised
[26.01 15:20:22] INFO:		Initialization time: 0:00:00.363147
[26.01 15:20:51] INFO:		======
[26.01 15:20:51] INFO:		Plugins initialised
[26.01 15:20:51] INFO:		Application initialised
[26.01 15:20:51] INFO:		Initialization time: 0:00:00.619633
[26.01 15:21:09] INFO:		======
[26.01 15:21:09] INFO:		Plugins initialised
[26.01 15:21:09] INFO:		Application initialised
[26.01 15:21:09] INFO:		Initialization time: 0:00:00.387760
[26.01 15:21:18] INFO:		======
[26.01 15:21:18] INFO:		Plugins initialised
[26.01 15:21:18] INFO:		Application initialised
[26.01 15:21:18] INFO:		Initialization time: 0:00:00.439468
[26.01 15:21:36] INFO:		======
[26.01 15:21:36] INFO:		Plugins initialised
[26.01 15:21:36] INFO:		Application initialised
[26.01 15:21:36] INFO:		Initialization time: 0:00:00.592433
[26.01 15:22:01] INFO:		======
[26.01 15:22:02] INFO:		Plugins initialised
[26.01 15:22:02] INFO:		Application initialised
[26.01 15:22:02] INFO:		Initialization time: 0:00:00.426228
[26.01 15:22:44] INFO:		======
[26.01 15:22:45] INFO:		Plugins initialised
[26.01 15:22:45] INFO:		Application initialised
[26.01 15:22:45] INFO:		Initialization time: 0:00:00.545455
[26.01 15:23:37] INFO:		======
[26.01 15:23:38] INFO:		Plugins initialised
[26.01 15:23:38] INFO:		Application initialised
[26.01 15:23:38] INFO:		Initialization time: 0:00:00.470791
[26.01 15:24:13] INFO:		======
[26.01 15:24:16] INFO:		Plugins initialised
[26.01 15:24:16] INFO:		Application initialised
[26.01 15:24:16] INFO:		Initialization time: 0:00:04.063268
[26.01 15:24:40] INFO:		======
[26.01 15:24:46] INFO:		======
[26.01 15:24:46] INFO:		Plugins initialised
[26.01 15:24:46] INFO:		Application initialised
[26.01 15:24:46] INFO:		Initialization time: 0:00:00.482592
[26.01 15:25:18] INFO:		======
[26.01 15:25:19] INFO:		Plugins initialised
[26.01 15:25:19] INFO:		Application initialised
[26.01 15:25:19] INFO:		Initialization time: 0:00:00.498754
[26.01 15:28:12] INFO:		======
[26.01 15:28:22] INFO:		Plugins initialised
[26.01 15:28:23] INFO:		Application initialised
[26.01 15:28:25] INFO:		Initialization time: 0:00:15.795436
[26.01 15:32:48] INFO:		======
[26.01 15:32:49] INFO:		Plugins initialised
[26.01 15:32:49] INFO:		Application initialised
[26.01 15:32:49] INFO:		Initialization time: 0:00:01.024835
[26.01 15:33:55] INFO:		======
[26.01 15:34:17] INFO:		======
[26.01 15:34:56] INFO:		======
[26.01 15:34:56] INFO:		Plugins initialised
[26.01 15:34:56] INFO:		Application initialised
[26.01 15:34:56] INFO:		Initialization time: 0:00:00.508537
[26.01 15:35:09] INFO:		======
[26.01 15:35:09] INFO:		Plugins initialised
[26.01 15:35:09] INFO:		Application initialised
[26.01 15:35:09] INFO:		Initialization time: 0:00:00.666984
[26.01 15:35:34] INFO:		======
[26.01 15:36:09] INFO:		======
[26.01 15:36:09] INFO:		Plugins initialised
[26.01 15:36:09] INFO:		Application initialised
[26.01 15:36:09] INFO:		Initialization time: 0:00:00.403304
[26.01 15:45:08] INFO:		======
[26.01 15:45:17] INFO:		Plugins initialised
[26.01 15:45:20] INFO:		Application initialised
[26.01 15:45:21] INFO:		Initialization time: 0:00:16.862721
[26.01 15:46:06] INFO:		======
[26.01 15:46:07] INFO:		Plugins initialised
[26.01 15:46:07] INFO:		Application initialised
[26.01 15:46:07] INFO:		Initialization time: 0:00:01.567696
[26.01 15:46:20] INFO:		======
[26.01 15:46:20] INFO:		Plugins initialised
[26.01 15:46:20] INFO:		Application initialised
[26.01 15:46:20] INFO:		Initialization time: 0:00:00.502159
[26.01 15:46:44] INFO:		======
[26.01 15:46:45] INFO:		Plugins initialised
[26.01 15:46:45] INFO:		Application initialised
[26.01 15:46:45] INFO:		Initialization time: 0:00:00.519446
[26.01 15:47:12] INFO:		======
[26.01 15:47:12] INFO:		Plugins initialised
[26.01 15:47:12] INFO:		Application initialised
[26.01 15:47:12] INFO:		Initialization time: 0:00:00.417994
[26.01 15:47:54] INFO:		======
[26.01 15:47:55] INFO:		Plugins initialised
[26.01 15:47:55] INFO:		Application initialised
[26.01 15:47:55] INFO:		Initialization time: 0:00:00.425303
[26.01 15:48:12] INFO:		======
[26.01 15:48:12] INFO:		Plugins initialised
[26.01 15:48:12] INFO:		Application initialised
[26.01 15:48:12] INFO:		Initialization time: 0:00:00.591689
[26.01 15:48:26] INFO:		======
[26.01 15:48:26] INFO:		Plugins initialised
[26.01 15:48:26] INFO:		Application initialised
[26.01 15:48:26] INFO:		Initialization time: 0:00:00.359088
[26.01 15:48:37] INFO:		======
[26.01 15:48:37] INFO:		Plugins initialised
[26.01 15:48:37] INFO:		Application initialised
[26.01 15:48:37] INFO:		Initialization time: 0:00:00.509905
[26.01 15:48:46] INFO:		======
[26.01 15:48:46] INFO:		Plugins initialised
[26.01 15:48:46] INFO:		Application initialised
[26.01 15:48:46] INFO:		Initialization time: 0:00:00.420500
[26.01 15:52:35] INFO:		======
[26.01 15:52:53] INFO:		======
[26.01 15:52:53] INFO:		Plugins initialised
[26.01 15:52:53] INFO:		Application initialised
[26.01 15:52:53] INFO:		Initialization time: 0:00:00.543863
[26.01 15:53:02] INFO:		======
[26.01 15:53:03] INFO:		Plugins initialised
[26.01 15:53:03] INFO:		Application initialised
[26.01 15:53:03] INFO:		Initialization time: 0:00:00.626771
[26.01 15:54:27] INFO:		======
[26.01 15:54:28] INFO:		Plugins initialised
[26.01 15:54:28] INFO:		Application initialised
[26.01 15:54:28] INFO:		Initialization time: 0:00:01.373077
[26.01 15:54:37] INFO:		======
[26.01 15:54:37] INFO:		Plugins initialised
[26.01 15:54:37] INFO:		Application initialised
[26.01 15:54:37] INFO:		Initialization time: 0:00:00.347809
[26.01 15:55:02] INFO:		======
[26.01 15:55:02] INFO:		Plugins initialised
[26.01 15:55:02] INFO:		Application initialised
[26.01 15:55:02] INFO:		Initialization time: 0:00:00.414503
[26.01 15:55:18] INFO:		======
[26.01 15:55:18] INFO:		Plugins initialised
[26.01 15:55:18] INFO:		Application initialised
[26.01 15:55:18] INFO:		Initialization time: 0:00:00.408824
[26.01 15:55:25] INFO:		======
[26.01 15:55:25] INFO:		Plugins initialised
[26.01 15:55:25] INFO:		Application initialised
[26.01 15:55:25] INFO:		Initialization time: 0:00:00.346950
[26.01 15:55:48] INFO:		======
[26.01 15:55:49] INFO:		Plugins initialised
[26.01 15:55:49] INFO:		Application initialised
[26.01 15:55:49] INFO:		Initialization time: 0:00:00.424207
[26.01 15:55:57] INFO:		======
[26.01 15:55:57] INFO:		Plugins initialised
[26.01 15:55:57] INFO:		Application initialised
[26.01 15:55:57] INFO:		Initialization time: 0:00:00.378716
[26.01 15:56:13] INFO:		======
[26.01 15:56:13] INFO:		Plugins initialised
[26.01 15:56:13] INFO:		Application initialised
[26.01 15:56:13] INFO:		Initialization time: 0:00:00.378151
[26.01 15:56:26] INFO:		======
[26.01 15:56:26] INFO:		Plugins initialised
[26.01 15:56:26] INFO:		Application initialised
[26.01 15:56:26] INFO:		Initialization time: 0:00:00.376786
[26.01 15:56:34] INFO:		======
[26.01 15:56:35] INFO:		Plugins initialised
[26.01 15:56:35] INFO:		Application initialised
[26.01 15:56:35] INFO:		Initialization time: 0:00:00.362861
[26.01 15:56:42] INFO:		======
[26.01 15:56:42] INFO:		Plugins initialised
[26.01 15:56:42] INFO:		Application initialised
[26.01 15:56:42] INFO:		Initialization time: 0:00:00.347776
[26.01 15:56:50] INFO:		======
[26.01 15:56:50] INFO:		Plugins initialised
[26.01 15:56:51] INFO:		Application initialised
[26.01 15:56:51] INFO:		Initialization time: 0:00:00.389961
[26.01 15:56:59] INFO:		======
[26.01 15:56:59] INFO:		Plugins initialised
[26.01 15:56:59] INFO:		Application initialised
[26.01 15:56:59] INFO:		Initialization time: 0:00:00.340133
[26.01 15:57:11] INFO:		======
[26.01 15:57:11] INFO:		Plugins initialised
[26.01 15:57:11] INFO:		Application initialised
[26.01 15:57:11] INFO:		Initialization time: 0:00:00.410966
[26.01 15:57:31] INFO:		======
[26.01 15:57:31] INFO:		Plugins initialised
[26.01 15:57:31] INFO:		Application initialised
[26.01 15:57:31] INFO:		Initialization time: 0:00:00.399146
[26.01 15:57:37] INFO:		======
[26.01 15:57:37] INFO:		Plugins initialised
[26.01 15:57:37] INFO:		Application initialised
[26.01 15:57:37] INFO:		Initialization time: 0:00:00.364542
[26.01 15:57:45] INFO:		======
[26.01 15:57:45] INFO:		Plugins initialised
[26.01 15:57:45] INFO:		Application initialised
[26.01 15:57:45] INFO:		Initialization time: 0:00:00.419986
[26.01 15:58:05] INFO:		======
[26.01 15:58:06] INFO:		Plugins initialised
[26.01 15:58:06] INFO:		Application initialised
[26.01 15:58:06] INFO:		Initialization time: 0:00:00.378242
[26.01 15:58:35] INFO:		======
[26.01 15:58:35] INFO:		Plugins initialised
[26.01 15:58:35] INFO:		Application initialised
[26.01 15:58:35] INFO:		Initialization time: 0:00:00.366523
[26.01 15:59:14] INFO:		======
[26.01 15:59:15] INFO:		Plugins initialised
[26.01 15:59:15] INFO:		Application initialised
[26.01 15:59:15] INFO:		Initialization time: 0:00:00.600288
[26.01 15:59:31] INFO:		======
[26.01 15:59:32] INFO:		Plugins initialised
[26.01 15:59:32] INFO:		Application initialised
[26.01 15:59:32] INFO:		Initialization time: 0:00:00.427964
[26.01 15:59:51] INFO:		======
[26.01 15:59:52] INFO:		Plugins initialised
[26.01 15:59:52] INFO:		Application initialised
[26.01 15:59:52] INFO:		Initialization time: 0:00:00.405781
[26.01 16:00:10] INFO:		======
[26.01 16:00:10] INFO:		Plugins initialised
[26.01 16:00:10] INFO:		Application initialised
[26.01 16:00:10] INFO:		Initialization time: 0:00:00.351608
[26.01 16:00:41] INFO:		======
[26.01 16:00:41] INFO:		Plugins initialised
[26.01 16:00:41] INFO:		Application initialised
[26.01 16:00:41] INFO:		Initialization time: 0:00:00.341501
[26.01 16:01:08] INFO:		======
[26.01 16:01:09] INFO:		Plugins initialised
[26.01 16:01:09] INFO:		Application initialised
[26.01 16:01:09] INFO:		Initialization time: 0:00:00.430784
[26.01 16:01:17] INFO:		======
[26.01 16:01:17] INFO:		Plugins initialised
[26.01 16:01:17] INFO:		Application initialised
[26.01 16:01:17] INFO:		Initialization time: 0:00:00.357556
[26.01 16:01:38] INFO:		======
[26.01 16:01:38] INFO:		Plugins initialised
[26.01 16:01:38] INFO:		Application initialised
[26.01 16:01:38] INFO:		Initialization time: 0:00:00.339876
[26.01 16:01:45] INFO:		======
[26.01 16:01:45] INFO:		Plugins initialised
[26.01 16:01:45] INFO:		Application initialised
[26.01 16:01:45] INFO:		Initialization time: 0:00:00.383599
[26.01 16:01:55] INFO:		======
[26.01 16:01:56] INFO:		Plugins initialised
[26.01 16:01:56] INFO:		Application initialised
[26.01 16:01:56] INFO:		Initialization time: 0:00:00.535188
[26.01 16:02:04] INFO:		======
[26.01 16:02:04] INFO:		Plugins initialised
[26.01 16:02:04] INFO:		Application initialised
[26.01 16:02:04] INFO:		Initialization time: 0:00:00.377900
[26.01 16:02:18] INFO:		======
[26.01 16:02:18] INFO:		Plugins initialised
[26.01 16:02:18] INFO:		Application initialised
[26.01 16:02:18] INFO:		Initialization time: 0:00:00.386833
[26.01 16:04:32] INFO:		======
[26.01 16:04:32] INFO:		Plugins initialised
[26.01 16:04:32] INFO:		Application initialised
[26.01 16:04:32] INFO:		Initialization time: 0:00:00.711219
[26.01 16:05:34] INFO:		======
[26.01 16:05:34] INFO:		Plugins initialised
[26.01 16:05:34] INFO:		Application initialised
[26.01 16:05:34] INFO:		Initialization time: 0:00:00.710940
[26.01 16:06:30] INFO:		======
[26.01 16:06:30] INFO:		Plugins initialised
[26.01 16:06:30] INFO:		Application initialised
[26.01 16:06:30] INFO:		Initialization time: 0:00:00.429020
[26.01 16:06:39] INFO:		======
[26.01 16:06:40] INFO:		Plugins initialised
[26.01 16:06:40] INFO:		Application initialised
[26.01 16:06:40] INFO:		Initialization time: 0:00:00.514892
[26.01 16:07:00] INFO:		======
[26.01 16:07:00] INFO:		Plugins initialised
[26.01 16:07:00] INFO:		Application initialised
[26.01 16:07:00] INFO:		Initialization time: 0:00:00.394645
[26.01 16:07:20] INFO:		======
[26.01 16:07:20] INFO:		Plugins initialised
[26.01 16:07:20] INFO:		Application initialised
[26.01 16:07:20] INFO:		Initialization time: 0:00:00.420044
[26.01 16:08:09] INFO:		======
[26.01 16:08:09] INFO:		Plugins initialised
[26.01 16:08:09] INFO:		Application initialised
[26.01 16:08:09] INFO:		Initialization time: 0:00:00.425058
[26.01 16:08:14] INFO:		======
[26.01 16:08:14] INFO:		Plugins initialised
[26.01 16:08:14] INFO:		Application initialised
[26.01 16:08:14] INFO:		Initialization time: 0:00:00.386636
[26.01 16:09:04] INFO:		======
[26.01 16:09:04] INFO:		Plugins initialised
[26.01 16:09:04] INFO:		Application initialised
[26.01 16:09:04] INFO:		Initialization time: 0:00:00.490764
[26.01 16:09:11] INFO:		======
[26.01 16:09:12] INFO:		Plugins initialised
[26.01 16:09:13] INFO:		Application initialised
[26.01 16:09:13] INFO:		Initialization time: 0:00:01.885268
[26.01 16:11:47] INFO:		======
[26.01 16:11:48] INFO:		Plugins initialised
[26.01 16:11:48] INFO:		Application initialised
[26.01 16:11:48] INFO:		Initialization time: 0:00:00.442789
[26.01 16:12:01] INFO:		======
[26.01 16:12:01] INFO:		Plugins initialised
[26.01 16:12:01] INFO:		Application initialised
[26.01 16:12:01] INFO:		Initialization time: 0:00:00.517016
[26.01 16:12:57] INFO:		======
[26.01 16:12:57] INFO:		Plugins initialised
[26.01 16:12:57] INFO:		Application initialised
[26.01 16:12:57] INFO:		Initialization time: 0:00:00.435106
[26.01 16:13:57] INFO:		======
[26.01 16:13:58] INFO:		Plugins initialised
[26.01 16:13:58] INFO:		Application initialised
[26.01 16:13:58] INFO:		Initialization time: 0:00:01.898881
[26.01 16:14:54] INFO:		======
[26.01 16:14:54] INFO:		Plugins initialised
[26.01 16:14:54] INFO:		Application initialised
[26.01 16:14:54] INFO:		Initialization time: 0:00:00.469548
[26.01 16:15:11] INFO:		======
[26.01 16:15:11] INFO:		Plugins initialised
[26.01 16:15:11] INFO:		Application initialised
[26.01 16:15:11] INFO:		Initialization time: 0:00:00.383137
[26.01 16:15:31] INFO:		======
[26.01 16:15:32] INFO:		Plugins initialised
[26.01 16:15:32] INFO:		Application initialised
[26.01 16:15:32] INFO:		Initialization time: 0:00:00.362557
[26.01 16:15:43] INFO:		======
[26.01 16:15:43] INFO:		Plugins initialised
[26.01 16:15:43] INFO:		Application initialised
[26.01 16:15:43] INFO:		Initialization time: 0:00:00.364333
[26.01 16:15:53] INFO:		======
[26.01 16:15:53] INFO:		Plugins initialised
[26.01 16:15:53] INFO:		Application initialised
[26.01 16:15:53] INFO:		Initialization time: 0:00:00.344619
[26.01 16:17:04] INFO:		======
[26.01 16:17:04] INFO:		Plugins initialised
[26.01 16:17:04] INFO:		Application initialised
[26.01 16:17:04] INFO:		Initialization time: 0:00:00.411212
[26.01 16:17:20] INFO:		======
[26.01 16:17:22] INFO:		Plugins initialised
[26.01 16:17:22] INFO:		Application initialised
[26.01 16:17:22] INFO:		Initialization time: 0:00:02.330804
[26.01 16:17:40] INFO:		======
[26.01 16:17:40] INFO:		Plugins initialised
[26.01 16:17:40] INFO:		Application initialised
[26.01 16:17:41] INFO:		Initialization time: 0:00:00.423944
[26.01 16:18:06] INFO:		======
[26.01 16:18:07] INFO:		Plugins initialised
[26.01 16:18:07] INFO:		Application initialised
[26.01 16:18:07] INFO:		Initialization time: 0:00:00.409449
[26.01 16:19:00] INFO:		======
[26.01 16:19:00] INFO:		Plugins initialised
[26.01 16:19:00] INFO:		Application initialised
[26.01 16:19:00] INFO:		Initialization time: 0:00:00.344493
[26.01 16:19:43] INFO:		======
[26.01 16:19:44] INFO:		Plugins initialised
[26.01 16:19:44] INFO:		Application initialised
[26.01 16:19:44] INFO:		Initialization time: 0:00:00.436941
[26.01 16:21:12] INFO:		======
[26.01 16:21:17] INFO:		======
[26.01 16:21:17] INFO:		Plugins initialised
[26.01 16:21:17] INFO:		Application initialised
[26.01 16:21:17] INFO:		Initialization time: 0:00:00.519134
[26.01 16:22:12] INFO:		======
[26.01 16:22:20] INFO:		======
[26.01 16:22:28] INFO:		======
[26.01 16:22:29] INFO:		Plugins initialised
[26.01 16:22:29] INFO:		Application initialised
[26.01 16:22:29] INFO:		Initialization time: 0:00:00.417344
[26.01 16:22:41] INFO:		======
[26.01 16:22:41] INFO:		Plugins initialised
[26.01 16:22:42] INFO:		Application initialised
[26.01 16:22:42] INFO:		Initialization time: 0:00:01.123264
[26.01 16:23:34] INFO:		======
[26.01 16:23:34] INFO:		Plugins initialised
[26.01 16:23:34] INFO:		Application initialised
[26.01 16:23:34] INFO:		Initialization time: 0:00:00.494934
[26.01 16:23:52] INFO:		======
[26.01 16:23:52] INFO:		Plugins initialised
[26.01 16:23:52] INFO:		Application initialised
[26.01 16:23:52] INFO:		Initialization time: 0:00:00.806656
[26.01 16:24:04] INFO:		======
[26.01 16:24:04] INFO:		Plugins initialised
[26.01 16:24:04] INFO:		Application initialised
[26.01 16:24:04] INFO:		Initialization time: 0:00:00.341756
[26.01 16:24:18] INFO:		======
[26.01 16:24:19] INFO:		Plugins initialised
[26.01 16:24:19] INFO:		Application initialised
[26.01 16:24:19] INFO:		Initialization time: 0:00:00.393521
[26.01 16:25:03] INFO:		======
[26.01 16:25:03] INFO:		Plugins initialised
[26.01 16:25:03] INFO:		Application initialised
[26.01 16:25:03] INFO:		Initialization time: 0:00:00.447286
[26.01 16:25:25] INFO:		======
[26.01 16:25:25] INFO:		Plugins initialised
[26.01 16:25:25] INFO:		Application initialised
[26.01 16:25:25] INFO:		Initialization time: 0:00:00.535266
[26.01 16:25:57] INFO:		======
[26.01 16:25:57] INFO:		Plugins initialised
[26.01 16:25:57] INFO:		Application initialised
[26.01 16:25:57] INFO:		Initialization time: 0:00:00.533120
[26.01 16:26:44] INFO:		======
[26.01 16:26:44] INFO:		Plugins initialised
[26.01 16:26:44] INFO:		Application initialised
[26.01 16:26:44] INFO:		Initialization time: 0:00:00.502281
[26.01 16:26:58] INFO:		======
[26.01 16:26:58] INFO:		Plugins initialised
[26.01 16:26:58] INFO:		Application initialised
[26.01 16:26:58] INFO:		Initialization time: 0:00:00.431721
[26.01 16:27:29] INFO:		======
[26.01 16:27:29] INFO:		Plugins initialised
[26.01 16:27:29] INFO:		Application initialised
[26.01 16:27:29] INFO:		Initialization time: 0:00:00.606296
[26.01 17:36:19] INFO:		======
[26.01 17:36:26] INFO:		Plugins initialised
[26.01 17:36:28] INFO:		Application initialised
[26.01 17:36:29] INFO:		Initialization time: 0:00:12.932890
[26.01 17:36:39] INFO:		======
[26.01 17:36:39] INFO:		Plugins initialised
[26.01 17:36:39] INFO:		Application initialised
[26.01 17:36:39] INFO:		Initialization time: 0:00:00.833782
[26.01 17:55:13] INFO:		======
[26.01 17:55:21] INFO:		Plugins initialised
[26.01 17:55:22] INFO:		Application initialised
[26.01 17:55:22] INFO:		Initialization time: 0:00:11.434061
[26.01 17:55:32] INFO:		======
[26.01 17:55:33] INFO:		Plugins initialised
[26.01 17:55:34] INFO:		Application initialised
[26.01 17:55:34] INFO:		Initialization time: 0:00:03.434443
[26.01 17:56:10] INFO:		======
[26.01 17:56:11] INFO:		Plugins initialised
[26.01 17:56:11] INFO:		Application initialised
[26.01 17:56:11] INFO:		Initialization time: 0:00:01.318704
[26.01 17:58:00] INFO:		======
[26.01 17:58:01] INFO:		Plugins initialised
[26.01 17:58:01] INFO:		Application initialised
[26.01 17:58:01] INFO:		Initialization time: 0:00:00.575557
[26.01 17:58:35] INFO:		======
[26.01 17:58:35] INFO:		Plugins initialised
[26.01 17:58:36] INFO:		Application initialised
[26.01 17:58:36] INFO:		Initialization time: 0:00:01.167176
[26.01 17:58:44] INFO:		======
[26.01 17:58:44] INFO:		Plugins initialised
[26.01 17:58:44] INFO:		Application initialised
[26.01 17:58:45] INFO:		Initialization time: 0:00:00.612839
[26.01 17:58:53] INFO:		======
[26.01 17:58:54] INFO:		Plugins initialised
[26.01 17:58:54] INFO:		Application initialised
[26.01 17:58:54] INFO:		Initialization time: 0:00:00.557232
[26.01 17:59:05] INFO:		======
[26.01 17:59:05] INFO:		Plugins initialised
[26.01 17:59:05] INFO:		Application initialised
[26.01 17:59:05] INFO:		Initialization time: 0:00:00.444873
[26.01 17:59:32] INFO:		======
[26.01 17:59:33] INFO:		Plugins initialised
[26.01 17:59:33] INFO:		Application initialised
[26.01 17:59:33] INFO:		Initialization time: 0:00:00.389539
[26.01 18:15:44] INFO:		======
[26.01 18:15:49] INFO:		Plugins initialised
[26.01 18:15:50] INFO:		Application initialised
[26.01 18:15:50] INFO:		Initialization time: 0:00:07.729245
[26.01 18:16:46] INFO:		======
[26.01 18:16:48] INFO:		Plugins initialised
[26.01 18:16:48] INFO:		Application initialised
[26.01 18:16:48] INFO:		Initialization time: 0:00:03.448950
[26.01 21:30:33] INFO:		======
[26.01 21:30:34] INFO:		Plugins initialised
[26.01 21:30:34] INFO:		Application initialised
[26.01 21:30:35] INFO:		Initialization time: 0:00:02.844000
[26.01 21:30:55] INFO:		======
[26.01 21:31:03] INFO:		======
[26.01 21:31:04] INFO:		Plugins initialised
[26.01 21:31:04] INFO:		Application initialised
[26.01 21:31:04] INFO:		Initialization time: 0:00:00.445000
[26.01 21:32:16] INFO:		======
[26.01 21:32:17] INFO:		Plugins initialised
[26.01 21:32:17] INFO:		Application initialised
[26.01 21:32:17] INFO:		Initialization time: 0:00:01.083000
[28.01 00:40:29] INFO:		======
[28.01 00:40:37] INFO:		Plugins initialised
[28.01 00:40:38] INFO:		Application initialised
[28.01 00:40:39] INFO:		Initialization time: 0:00:23.880000
[28.01 00:41:02] INFO:		======
[28.01 00:41:12] INFO:		======
[28.01 00:41:12] INFO:		Plugins initialised
[28.01 00:41:12] INFO:		Application initialised
[28.01 00:41:12] INFO:		Initialization time: 0:00:00.268000
[28.01 00:42:21] INFO:		======
[28.01 00:42:21] INFO:		Plugins initialised
[28.01 00:42:21] INFO:		Application initialised
[28.01 00:42:22] INFO:		Initialization time: 0:00:00.397000
[28.01 00:42:57] INFO:		======
[28.01 00:42:57] INFO:		Plugins initialised
[28.01 00:42:57] INFO:		Application initialised
[28.01 00:42:57] INFO:		Initialization time: 0:00:00.250000
[28.01 00:43:24] INFO:		======
[28.01 00:43:24] INFO:		Plugins initialised
[28.01 00:43:24] INFO:		Application initialised
[28.01 00:43:24] INFO:		Initialization time: 0:00:00.237000
[28.01 00:43:49] INFO:		======
[28.01 00:43:49] INFO:		Plugins initialised
[28.01 00:43:49] INFO:		Application initialised
[28.01 00:43:49] INFO:		Initialization time: 0:00:00.228000
[28.01 00:44:01] INFO:		======
[28.01 00:44:01] INFO:		Plugins initialised
[28.01 00:44:01] INFO:		Application initialised
[28.01 00:44:01] INFO:		Initialization time: 0:00:00.255000
[28.01 00:44:33] INFO:		======
[28.01 00:44:33] INFO:		Plugins initialised
[28.01 00:44:33] INFO:		Application initialised
[28.01 00:44:33] INFO:		Initialization time: 0:00:00.251000
[28.01 00:45:11] INFO:		======
[28.01 00:45:11] INFO:		Plugins initialised
[28.01 00:45:11] INFO:		Application initialised
[28.01 00:45:11] INFO:		Initialization time: 0:00:00.234000
[28.01 00:45:28] INFO:		======
[28.01 00:45:28] INFO:		Plugins initialised
[28.01 00:45:28] INFO:		Application initialised
[28.01 00:45:28] INFO:		Initialization time: 0:00:00.292000
[28.01 00:45:40] INFO:		======
[28.01 00:45:40] INFO:		Plugins initialised
[28.01 00:45:40] INFO:		Application initialised
[28.01 00:45:40] INFO:		Initialization time: 0:00:00.236000
[28.01 00:46:17] INFO:		======
[28.01 00:46:17] INFO:		Plugins initialised
[28.01 00:46:17] INFO:		Application initialised
[28.01 00:46:17] INFO:		Initialization time: 0:00:00.227000
[28.01 00:47:40] INFO:		======
[28.01 00:47:40] INFO:		Plugins initialised
[28.01 00:47:40] INFO:		Application initialised
[28.01 00:47:40] INFO:		Initialization time: 0:00:00.293000
[28.01 00:47:57] INFO:		======
[28.01 00:47:58] INFO:		Plugins initialised
[28.01 00:47:58] INFO:		Application initialised
[28.01 00:47:58] INFO:		Initialization time: 0:00:00.258000
[28.01 00:48:05] INFO:		======
[28.01 00:48:05] INFO:		Plugins initialised
[28.01 00:48:05] INFO:		Application initialised
[28.01 00:48:05] INFO:		Initialization time: 0:00:00.211000
[28.01 00:48:13] INFO:		======
[28.01 00:48:13] INFO:		Plugins initialised
[28.01 00:48:13] INFO:		Application initialised
[28.01 00:48:13] INFO:		Initialization time: 0:00:00.571000
[28.01 00:49:35] INFO:		======
[28.01 00:49:35] INFO:		Plugins initialised
[28.01 00:49:35] INFO:		Application initialised
[28.01 00:49:35] INFO:		Initialization time: 0:00:00.234000
[28.01 00:49:56] INFO:		======
[28.01 00:49:56] INFO:		Plugins initialised
[28.01 00:49:56] INFO:		Application initialised
[28.01 00:49:57] INFO:		Initialization time: 0:00:00.229000
[28.01 00:50:56] INFO:		======
[28.01 00:50:58] INFO:		Plugins initialised
[28.01 00:50:58] INFO:		Application initialised
[28.01 00:50:58] INFO:		Initialization time: 0:00:02.860000
[28.01 00:51:08] INFO:		======
[28.01 00:51:09] INFO:		Plugins initialised
[28.01 00:51:09] INFO:		Application initialised
[28.01 00:51:09] INFO:		Initialization time: 0:00:00.238000
[28.01 00:51:15] INFO:		======
[28.01 00:51:15] INFO:		Plugins initialised
[28.01 00:51:15] INFO:		Application initialised
[28.01 00:51:15] INFO:		Initialization time: 0:00:00.243000
[28.01 00:52:34] INFO:		======
[28.01 00:52:34] INFO:		Plugins initialised
[28.01 00:52:34] INFO:		Application initialised
[28.01 00:52:34] INFO:		Initialization time: 0:00:00.251000
[28.01 00:52:43] INFO:		======
[28.01 00:52:43] INFO:		Plugins initialised
[28.01 00:52:43] INFO:		Application initialised
[28.01 00:52:43] INFO:		Initialization time: 0:00:00.209000
